[2021-06-02 12:34:32][com.alibaba.druid.pool.DruidAbstractDataSource]oracle.jdbc.driver.OracleDriver is deprecated.Having use oracle.jdbc.OracleDriver.
[2021-06-02 12:34:54][com.alibaba.druid.pool.DruidDataSource]init datasource error, url: jdbc:oracle:thin:@192.168.124.204:1521:orcl
java.sql.SQLRecoverableException: IO 错误: The Network Adapter could not establish the connection
	at oracle.jdbc.driver.T4CConnection.logon(T4CConnection.java:489)
	at oracle.jdbc.driver.PhysicalConnection.<init>(PhysicalConnection.java:553)
	at oracle.jdbc.driver.T4CConnection.<init>(T4CConnection.java:254)
	at oracle.jdbc.driver.T4CDriverExtension.getConnection(T4CDriverExtension.java:32)
	at oracle.jdbc.driver.OracleDriver.connect(OracleDriver.java:528)
	at com.alibaba.druid.filter.FilterChainImpl.connection_connect(FilterChainImpl.java:156)
	at com.alibaba.druid.filter.FilterAdapter.connection_connect(FilterAdapter.java:787)
	at com.alibaba.druid.filter.FilterChainImpl.connection_connect(FilterChainImpl.java:150)
	at com.alibaba.druid.pool.DruidAbstractDataSource.createPhysicalConnection(DruidAbstractDataSource.java:1654)
	at com.alibaba.druid.pool.DruidAbstractDataSource.createPhysicalConnection(DruidAbstractDataSource.java:1718)
	at com.alibaba.druid.pool.DruidDataSource.init(DruidDataSource.java:914)
	at sun.reflect.NativeMethodAccessorImpl.invoke0(Native Method)
	at sun.reflect.NativeMethodAccessorImpl.invoke(NativeMethodAccessorImpl.java:62)
	at sun.reflect.DelegatingMethodAccessorImpl.invoke(DelegatingMethodAccessorImpl.java:43)
	at java.lang.reflect.Method.invoke(Method.java:498)
	at org.springframework.beans.factory.support.AbstractAutowireCapableBeanFactory.invokeCustomInitMethod(AbstractAutowireCapableBeanFactory.java:1912)
	at org.springframework.beans.factory.support.AbstractAutowireCapableBeanFactory.invokeInitMethods(AbstractAutowireCapableBeanFactory.java:1854)
	at org.springframework.beans.factory.support.AbstractAutowireCapableBeanFactory.initializeBean(AbstractAutowireCapableBeanFactory.java:1782)
	at org.springframework.beans.factory.support.AbstractAutowireCapableBeanFactory.doCreateBean(AbstractAutowireCapableBeanFactory.java:602)
	at org.springframework.beans.factory.support.AbstractAutowireCapableBeanFactory.createBean(AbstractAutowireCapableBeanFactory.java:524)
	at org.springframework.beans.factory.support.AbstractBeanFactory.lambda$doGetBean$0(AbstractBeanFactory.java:335)
	at org.springframework.beans.factory.support.DefaultSingletonBeanRegistry.getSingleton(DefaultSingletonBeanRegistry.java:234)
	at org.springframework.beans.factory.support.AbstractBeanFactory.doGetBean(AbstractBeanFactory.java:333)
	at org.springframework.beans.factory.support.AbstractBeanFactory.getBean(AbstractBeanFactory.java:208)
	at org.springframework.beans.factory.support.BeanDefinitionValueResolver.resolveReference(BeanDefinitionValueResolver.java:330)
	at org.springframework.beans.factory.support.BeanDefinitionValueResolver.resolveValueIfNecessary(BeanDefinitionValueResolver.java:113)
	at org.springframework.beans.factory.support.BeanDefinitionValueResolver.lambda$resolveManagedMap$1(BeanDefinitionValueResolver.java:453)
	at java.util.LinkedHashMap.forEach(LinkedHashMap.java:684)
	at org.springframework.beans.factory.support.BeanDefinitionValueResolver.resolveManagedMap(BeanDefinitionValueResolver.java:451)
	at org.springframework.beans.factory.support.BeanDefinitionValueResolver.resolveValueIfNecessary(BeanDefinitionValueResolver.java:181)
	at org.springframework.beans.factory.support.AbstractAutowireCapableBeanFactory.applyPropertyValues(AbstractAutowireCapableBeanFactory.java:1689)
	at org.springframework.beans.factory.support.AbstractAutowireCapableBeanFactory.populateBean(AbstractAutowireCapableBeanFactory.java:1434)
	at org.springframework.beans.factory.support.AbstractAutowireCapableBeanFactory.doCreateBean(AbstractAutowireCapableBeanFactory.java:601)
	at org.springframework.beans.factory.support.AbstractAutowireCapableBeanFactory.createBean(AbstractAutowireCapableBeanFactory.java:524)
	at org.springframework.beans.factory.support.AbstractBeanFactory.lambda$doGetBean$0(AbstractBeanFactory.java:335)
	at org.springframework.beans.factory.support.DefaultSingletonBeanRegistry.getSingleton(DefaultSingletonBeanRegistry.java:234)
	at org.springframework.beans.factory.support.AbstractBeanFactory.doGetBean(AbstractBeanFactory.java:333)
	at org.springframework.beans.factory.support.AbstractBeanFactory.getBean(AbstractBeanFactory.java:208)
	at org.springframework.beans.factory.support.DefaultListableBeanFactory.preInstantiateSingletons(DefaultListableBeanFactory.java:944)
	at org.springframework.context.support.AbstractApplicationContext.finishBeanFactoryInitialization(AbstractApplicationContext.java:918)
	at org.springframework.context.support.AbstractApplicationContext.refresh(AbstractApplicationContext.java:583)
	at org.springframework.context.support.ClassPathXmlApplicationContext.<init>(ClassPathXmlApplicationContext.java:144)
	at org.springframework.context.support.ClassPathXmlApplicationContext.<init>(ClassPathXmlApplicationContext.java:85)
	at com.feiyu.MyTeat.test2(MyTeat.java:38)
	at sun.reflect.NativeMethodAccessorImpl.invoke0(Native Method)
	at sun.reflect.NativeMethodAccessorImpl.invoke(NativeMethodAccessorImpl.java:62)
	at sun.reflect.DelegatingMethodAccessorImpl.invoke(DelegatingMethodAccessorImpl.java:43)
	at java.lang.reflect.Method.invoke(Method.java:498)
	at org.junit.runners.model.FrameworkMethod$1.runReflectiveCall(FrameworkMethod.java:47)
	at org.junit.internal.runners.model.ReflectiveCallable.run(ReflectiveCallable.java:12)
	at org.junit.runners.model.FrameworkMethod.invokeExplosively(FrameworkMethod.java:44)
	at org.junit.internal.runners.statements.InvokeMethod.evaluate(InvokeMethod.java:17)
	at org.junit.runners.ParentRunner.runLeaf(ParentRunner.java:271)
	at org.junit.runners.BlockJUnit4ClassRunner.runChild(BlockJUnit4ClassRunner.java:70)
	at org.junit.runners.BlockJUnit4ClassRunner.runChild(BlockJUnit4ClassRunner.java:50)
	at org.junit.runners.ParentRunner$3.run(ParentRunner.java:238)
	at org.junit.runners.ParentRunner$1.schedule(ParentRunner.java:63)
	at org.junit.runners.ParentRunner.runChildren(ParentRunner.java:236)
	at org.junit.runners.ParentRunner.access$000(ParentRunner.java:53)
	at org.junit.runners.ParentRunner$2.evaluate(ParentRunner.java:229)
	at org.junit.runners.ParentRunner.run(ParentRunner.java:309)
	at org.junit.runner.JUnitCore.run(JUnitCore.java:160)
	at com.intellij.junit4.JUnit4IdeaTestRunner.startRunnerWithArgs(JUnit4IdeaTestRunner.java:69)
	at com.intellij.rt.junit.IdeaTestRunner$Repeater.startRunnerWithArgs(IdeaTestRunner.java:33)
	at com.intellij.rt.junit.JUnitStarter.prepareStreamsAndStart(JUnitStarter.java:221)
	at com.intellij.rt.junit.JUnitStarter.main(JUnitStarter.java:54)
Caused by: oracle.net.ns.NetException: The Network Adapter could not establish the connection
	at oracle.net.nt.ConnStrategy.execute(ConnStrategy.java:439)
	at oracle.net.resolver.AddrResolution.resolveAndExecute(AddrResolution.java:454)
	at oracle.net.ns.NSProtocol.establishConnection(NSProtocol.java:693)
	at oracle.net.ns.NSProtocol.connect(NSProtocol.java:251)
	at oracle.jdbc.driver.T4CConnection.connect(T4CConnection.java:1140)
	at oracle.jdbc.driver.T4CConnection.logon(T4CConnection.java:340)
	... 65 more
Caused by: java.net.ConnectException: Connection timed out: connect
	at java.net.DualStackPlainSocketImpl.waitForConnect(Native Method)
	at java.net.DualStackPlainSocketImpl.socketConnect(DualStackPlainSocketImpl.java:85)
	at java.net.AbstractPlainSocketImpl.doConnect(AbstractPlainSocketImpl.java:350)
	at java.net.AbstractPlainSocketImpl.connectToAddress(AbstractPlainSocketImpl.java:206)
	at java.net.AbstractPlainSocketImpl.connect(AbstractPlainSocketImpl.java:188)
	at java.net.PlainSocketImpl.connect(PlainSocketImpl.java:172)
	at java.net.SocksSocketImpl.connect(SocksSocketImpl.java:392)
	at java.net.Socket.connect(Socket.java:589)
	at oracle.net.nt.TcpNTAdapter.connect(TcpNTAdapter.java:149)
	at oracle.net.nt.ConnOption.connect(ConnOption.java:133)
	at oracle.net.nt.ConnStrategy.execute(ConnStrategy.java:405)
	... 70 more
[2021-06-02 12:34:54][com.alibaba.druid.pool.DruidDataSource]{dataSource-1} init error
java.sql.SQLRecoverableException: IO 错误: The Network Adapter could not establish the connection
	at oracle.jdbc.driver.T4CConnection.logon(T4CConnection.java:489)
	at oracle.jdbc.driver.PhysicalConnection.<init>(PhysicalConnection.java:553)
	at oracle.jdbc.driver.T4CConnection.<init>(T4CConnection.java:254)
	at oracle.jdbc.driver.T4CDriverExtension.getConnection(T4CDriverExtension.java:32)
	at oracle.jdbc.driver.OracleDriver.connect(OracleDriver.java:528)
	at com.alibaba.druid.filter.FilterChainImpl.connection_connect(FilterChainImpl.java:156)
	at com.alibaba.druid.filter.FilterAdapter.connection_connect(FilterAdapter.java:787)
	at com.alibaba.druid.filter.FilterChainImpl.connection_connect(FilterChainImpl.java:150)
	at com.alibaba.druid.pool.DruidAbstractDataSource.createPhysicalConnection(DruidAbstractDataSource.java:1654)
	at com.alibaba.druid.pool.DruidAbstractDataSource.createPhysicalConnection(DruidAbstractDataSource.java:1718)
	at com.alibaba.druid.pool.DruidDataSource.init(DruidDataSource.java:914)
	at sun.reflect.NativeMethodAccessorImpl.invoke0(Native Method)
	at sun.reflect.NativeMethodAccessorImpl.invoke(NativeMethodAccessorImpl.java:62)
	at sun.reflect.DelegatingMethodAccessorImpl.invoke(DelegatingMethodAccessorImpl.java:43)
	at java.lang.reflect.Method.invoke(Method.java:498)
	at org.springframework.beans.factory.support.AbstractAutowireCapableBeanFactory.invokeCustomInitMethod(AbstractAutowireCapableBeanFactory.java:1912)
	at org.springframework.beans.factory.support.AbstractAutowireCapableBeanFactory.invokeInitMethods(AbstractAutowireCapableBeanFactory.java:1854)
	at org.springframework.beans.factory.support.AbstractAutowireCapableBeanFactory.initializeBean(AbstractAutowireCapableBeanFactory.java:1782)
	at org.springframework.beans.factory.support.AbstractAutowireCapableBeanFactory.doCreateBean(AbstractAutowireCapableBeanFactory.java:602)
	at org.springframework.beans.factory.support.AbstractAutowireCapableBeanFactory.createBean(AbstractAutowireCapableBeanFactory.java:524)
	at org.springframework.beans.factory.support.AbstractBeanFactory.lambda$doGetBean$0(AbstractBeanFactory.java:335)
	at org.springframework.beans.factory.support.DefaultSingletonBeanRegistry.getSingleton(DefaultSingletonBeanRegistry.java:234)
	at org.springframework.beans.factory.support.AbstractBeanFactory.doGetBean(AbstractBeanFactory.java:333)
	at org.springframework.beans.factory.support.AbstractBeanFactory.getBean(AbstractBeanFactory.java:208)
	at org.springframework.beans.factory.support.BeanDefinitionValueResolver.resolveReference(BeanDefinitionValueResolver.java:330)
	at org.springframework.beans.factory.support.BeanDefinitionValueResolver.resolveValueIfNecessary(BeanDefinitionValueResolver.java:113)
	at org.springframework.beans.factory.support.BeanDefinitionValueResolver.lambda$resolveManagedMap$1(BeanDefinitionValueResolver.java:453)
	at java.util.LinkedHashMap.forEach(LinkedHashMap.java:684)
	at org.springframework.beans.factory.support.BeanDefinitionValueResolver.resolveManagedMap(BeanDefinitionValueResolver.java:451)
	at org.springframework.beans.factory.support.BeanDefinitionValueResolver.resolveValueIfNecessary(BeanDefinitionValueResolver.java:181)
	at org.springframework.beans.factory.support.AbstractAutowireCapableBeanFactory.applyPropertyValues(AbstractAutowireCapableBeanFactory.java:1689)
	at org.springframework.beans.factory.support.AbstractAutowireCapableBeanFactory.populateBean(AbstractAutowireCapableBeanFactory.java:1434)
	at org.springframework.beans.factory.support.AbstractAutowireCapableBeanFactory.doCreateBean(AbstractAutowireCapableBeanFactory.java:601)
	at org.springframework.beans.factory.support.AbstractAutowireCapableBeanFactory.createBean(AbstractAutowireCapableBeanFactory.java:524)
	at org.springframework.beans.factory.support.AbstractBeanFactory.lambda$doGetBean$0(AbstractBeanFactory.java:335)
	at org.springframework.beans.factory.support.DefaultSingletonBeanRegistry.getSingleton(DefaultSingletonBeanRegistry.java:234)
	at org.springframework.beans.factory.support.AbstractBeanFactory.doGetBean(AbstractBeanFactory.java:333)
	at org.springframework.beans.factory.support.AbstractBeanFactory.getBean(AbstractBeanFactory.java:208)
	at org.springframework.beans.factory.support.DefaultListableBeanFactory.preInstantiateSingletons(DefaultListableBeanFactory.java:944)
	at org.springframework.context.support.AbstractApplicationContext.finishBeanFactoryInitialization(AbstractApplicationContext.java:918)
	at org.springframework.context.support.AbstractApplicationContext.refresh(AbstractApplicationContext.java:583)
	at org.springframework.context.support.ClassPathXmlApplicationContext.<init>(ClassPathXmlApplicationContext.java:144)
	at org.springframework.context.support.ClassPathXmlApplicationContext.<init>(ClassPathXmlApplicationContext.java:85)
	at com.feiyu.MyTeat.test2(MyTeat.java:38)
	at sun.reflect.NativeMethodAccessorImpl.invoke0(Native Method)
	at sun.reflect.NativeMethodAccessorImpl.invoke(NativeMethodAccessorImpl.java:62)
	at sun.reflect.DelegatingMethodAccessorImpl.invoke(DelegatingMethodAccessorImpl.java:43)
	at java.lang.reflect.Method.invoke(Method.java:498)
	at org.junit.runners.model.FrameworkMethod$1.runReflectiveCall(FrameworkMethod.java:47)
	at org.junit.internal.runners.model.ReflectiveCallable.run(ReflectiveCallable.java:12)
	at org.junit.runners.model.FrameworkMethod.invokeExplosively(FrameworkMethod.java:44)
	at org.junit.internal.runners.statements.InvokeMethod.evaluate(InvokeMethod.java:17)
	at org.junit.runners.ParentRunner.runLeaf(ParentRunner.java:271)
	at org.junit.runners.BlockJUnit4ClassRunner.runChild(BlockJUnit4ClassRunner.java:70)
	at org.junit.runners.BlockJUnit4ClassRunner.runChild(BlockJUnit4ClassRunner.java:50)
	at org.junit.runners.ParentRunner$3.run(ParentRunner.java:238)
	at org.junit.runners.ParentRunner$1.schedule(ParentRunner.java:63)
	at org.junit.runners.ParentRunner.runChildren(ParentRunner.java:236)
	at org.junit.runners.ParentRunner.access$000(ParentRunner.java:53)
	at org.junit.runners.ParentRunner$2.evaluate(ParentRunner.java:229)
	at org.junit.runners.ParentRunner.run(ParentRunner.java:309)
	at org.junit.runner.JUnitCore.run(JUnitCore.java:160)
	at com.intellij.junit4.JUnit4IdeaTestRunner.startRunnerWithArgs(JUnit4IdeaTestRunner.java:69)
	at com.intellij.rt.junit.IdeaTestRunner$Repeater.startRunnerWithArgs(IdeaTestRunner.java:33)
	at com.intellij.rt.junit.JUnitStarter.prepareStreamsAndStart(JUnitStarter.java:221)
	at com.intellij.rt.junit.JUnitStarter.main(JUnitStarter.java:54)
Caused by: oracle.net.ns.NetException: The Network Adapter could not establish the connection
	at oracle.net.nt.ConnStrategy.execute(ConnStrategy.java:439)
	at oracle.net.resolver.AddrResolution.resolveAndExecute(AddrResolution.java:454)
	at oracle.net.ns.NSProtocol.establishConnection(NSProtocol.java:693)
	at oracle.net.ns.NSProtocol.connect(NSProtocol.java:251)
	at oracle.jdbc.driver.T4CConnection.connect(T4CConnection.java:1140)
	at oracle.jdbc.driver.T4CConnection.logon(T4CConnection.java:340)
	... 65 more
Caused by: java.net.ConnectException: Connection timed out: connect
	at java.net.DualStackPlainSocketImpl.waitForConnect(Native Method)
	at java.net.DualStackPlainSocketImpl.socketConnect(DualStackPlainSocketImpl.java:85)
	at java.net.AbstractPlainSocketImpl.doConnect(AbstractPlainSocketImpl.java:350)
	at java.net.AbstractPlainSocketImpl.connectToAddress(AbstractPlainSocketImpl.java:206)
	at java.net.AbstractPlainSocketImpl.connect(AbstractPlainSocketImpl.java:188)
	at java.net.PlainSocketImpl.connect(PlainSocketImpl.java:172)
	at java.net.SocksSocketImpl.connect(SocksSocketImpl.java:392)
	at java.net.Socket.connect(Socket.java:589)
	at oracle.net.nt.TcpNTAdapter.connect(TcpNTAdapter.java:149)
	at oracle.net.nt.ConnOption.connect(ConnOption.java:133)
	at oracle.net.nt.ConnStrategy.execute(ConnStrategy.java:405)
	... 70 more
[2021-06-02 12:34:54][com.alibaba.druid.pool.DruidDataSource]{dataSource-1} inited
[2021-06-02 13:13:45][com.alibaba.druid.pool.DruidAbstractDataSource]oracle.jdbc.driver.OracleDriver is deprecated.Having use oracle.jdbc.OracleDriver.
[2021-06-02 13:13:47][com.alibaba.druid.pool.DruidDataSource]{dataSource-1} inited
[2021-06-02 13:13:48][com.alibaba.druid.pool.DruidDataSource]{dataSource-2} inited
[2021-06-02 13:13:49][org.apache.ibatis.logging.LogFactory]Logging initialized using 'class org.apache.ibatis.logging.log4j.Log4jImpl' adapter.
[2021-06-02 13:13:49][org.mybatis.spring.SqlSessionUtils]Creating a new SqlSession
[2021-06-02 13:13:49][org.mybatis.spring.SqlSessionUtils]SqlSession [org.apache.ibatis.session.defaults.DefaultSqlSession@7ca8d498] was not registered for synchronization because synchronization is not active
[2021-06-02 13:13:49][com.feiyu.dao.PersonDao]Cache Hit Ratio [com.feiyu.dao.PersonDao]: 0.0
[2021-06-02 13:13:49][org.mybatis.spring.transaction.SpringManagedTransaction]JDBC Connection [com.p6spy.engine.wrapper.ConnectionWrapper@1fde0371] will not be managed by Spring
[2021-06-02 13:13:49][com.feiyu.dao.PersonDao.selectPerson]==>  Preparing: select * from PERSON where pno = ? 
[2021-06-02 13:13:49][com.feiyu.dao.PersonDao.selectPerson]==> Parameters: 1001(Integer)
[2021-06-02 13:13:49][com.feiyu.dao.PersonDao.selectPerson]<==      Total: 1
[2021-06-02 13:13:49][org.mybatis.spring.SqlSessionUtils]Closing non transactional SqlSession [org.apache.ibatis.session.defaults.DefaultSqlSession@7ca8d498]
[2021-06-02 13:13:49][org.mybatis.spring.SqlSessionUtils]Creating a new SqlSession
[2021-06-02 13:13:49][org.mybatis.spring.SqlSessionUtils]SqlSession [org.apache.ibatis.session.defaults.DefaultSqlSession@5633ed82] was not registered for synchronization because synchronization is not active
[2021-06-02 13:13:49][com.feiyu.dao.PersonDao]Cache Hit Ratio [com.feiyu.dao.PersonDao]: 0.0
[2021-06-02 13:13:49][org.mybatis.spring.transaction.SpringManagedTransaction]JDBC Connection [com.p6spy.engine.wrapper.ConnectionWrapper@767191b1] will not be managed by Spring
[2021-06-02 13:13:49][com.feiyu.dao.PersonDao.selectPerson]==>  Preparing: select * from PERSON where pno = ? 
[2021-06-02 13:13:49][com.feiyu.dao.PersonDao.selectPerson]==> Parameters: 1002(Integer)
[2021-06-02 13:13:49][com.feiyu.dao.PersonDao.selectPerson]<==      Total: 1
[2021-06-02 13:13:49][org.mybatis.spring.SqlSessionUtils]Closing non transactional SqlSession [org.apache.ibatis.session.defaults.DefaultSqlSession@5633ed82]
[2021-06-02 13:17:03][com.alibaba.druid.pool.DruidAbstractDataSource]oracle.jdbc.driver.OracleDriver is deprecated.Having use oracle.jdbc.OracleDriver.
[2021-06-02 13:17:05][com.alibaba.druid.pool.DruidDataSource]{dataSource-1} inited
[2021-06-02 13:17:06][com.alibaba.druid.pool.DruidDataSource]{dataSource-2} inited
[2021-06-02 13:17:06][org.apache.ibatis.logging.LogFactory]Logging initialized using 'class org.apache.ibatis.logging.log4j.Log4jImpl' adapter.
[2021-06-02 13:17:06][org.mybatis.spring.SqlSessionUtils]Creating a new SqlSession
[2021-06-02 13:17:06][org.mybatis.spring.SqlSessionUtils]SqlSession [org.apache.ibatis.session.defaults.DefaultSqlSession@363a3d15] was not registered for synchronization because synchronization is not active
[2021-06-02 13:17:06][com.feiyu.dao.PersonDao]Cache Hit Ratio [com.feiyu.dao.PersonDao]: 0.0
[2021-06-02 13:17:06][org.mybatis.spring.transaction.SpringManagedTransaction]JDBC Connection [com.p6spy.engine.wrapper.ConnectionWrapper@6ab4ba9f] will not be managed by Spring
[2021-06-02 13:17:06][com.feiyu.dao.PersonDao.selectPerson]==>  Preparing: select * from PERSON where pno = ? 
[2021-06-02 13:17:06][com.feiyu.dao.PersonDao.selectPerson]==> Parameters: 1001(Integer)
[2021-06-02 13:17:06][com.feiyu.dao.PersonDao.selectPerson]<==      Total: 1
[2021-06-02 13:17:07][org.mybatis.spring.SqlSessionUtils]Closing non transactional SqlSession [org.apache.ibatis.session.defaults.DefaultSqlSession@363a3d15]
[2021-06-02 13:17:07][org.mybatis.spring.SqlSessionUtils]Creating a new SqlSession
[2021-06-02 13:17:07][org.mybatis.spring.SqlSessionUtils]SqlSession [org.apache.ibatis.session.defaults.DefaultSqlSession@58cf8f94] was not registered for synchronization because synchronization is not active
[2021-06-02 13:17:07][com.feiyu.dao.PersonDao]Cache Hit Ratio [com.feiyu.dao.PersonDao]: 0.0
[2021-06-02 13:17:07][org.mybatis.spring.transaction.SpringManagedTransaction]JDBC Connection [com.p6spy.engine.wrapper.ConnectionWrapper@6e33fcae] will not be managed by Spring
[2021-06-02 13:17:07][com.feiyu.dao.PersonDao.selectPerson]==>  Preparing: select * from PERSON where pno = ? 
[2021-06-02 13:17:07][com.feiyu.dao.PersonDao.selectPerson]==> Parameters: 1002(Integer)
[2021-06-02 13:17:07][com.feiyu.dao.PersonDao.selectPerson]<==      Total: 1
[2021-06-02 13:17:07][org.mybatis.spring.SqlSessionUtils]Closing non transactional SqlSession [org.apache.ibatis.session.defaults.DefaultSqlSession@58cf8f94]
[2021-06-02 13:17:47][com.alibaba.druid.pool.DruidAbstractDataSource]oracle.jdbc.driver.OracleDriver is deprecated.Having use oracle.jdbc.OracleDriver.
[2021-06-02 13:17:49][com.alibaba.druid.pool.DruidDataSource]{dataSource-1} inited
[2021-06-02 13:17:49][com.alibaba.druid.pool.DruidDataSource]{dataSource-2} inited
[2021-06-02 13:17:50][org.apache.ibatis.logging.LogFactory]Logging initialized using 'class org.apache.ibatis.logging.log4j.Log4jImpl' adapter.
[2021-06-02 13:17:50][org.mybatis.spring.SqlSessionUtils]Creating a new SqlSession
[2021-06-02 13:17:50][org.mybatis.spring.SqlSessionUtils]SqlSession [org.apache.ibatis.session.defaults.DefaultSqlSession@363a3d15] was not registered for synchronization because synchronization is not active
[2021-06-02 13:17:50][com.feiyu.dao.PersonDao]Cache Hit Ratio [com.feiyu.dao.PersonDao]: 0.0
[2021-06-02 13:17:50][org.mybatis.spring.transaction.SpringManagedTransaction]JDBC Connection [com.p6spy.engine.wrapper.ConnectionWrapper@6ab4ba9f] will not be managed by Spring
[2021-06-02 13:17:50][com.feiyu.dao.PersonDao.selectPerson]==>  Preparing: select * from PERSON where pno = ? 
[2021-06-02 13:17:50][com.feiyu.dao.PersonDao.selectPerson]==> Parameters: 1001(Integer)
[2021-06-02 13:17:50][com.feiyu.dao.PersonDao.selectPerson]<==      Total: 1
[2021-06-02 13:17:50][org.mybatis.spring.SqlSessionUtils]Closing non transactional SqlSession [org.apache.ibatis.session.defaults.DefaultSqlSession@363a3d15]
[2021-06-02 13:17:50][org.mybatis.spring.SqlSessionUtils]Creating a new SqlSession
[2021-06-02 13:17:50][org.mybatis.spring.SqlSessionUtils]SqlSession [org.apache.ibatis.session.defaults.DefaultSqlSession@58cf8f94] was not registered for synchronization because synchronization is not active
[2021-06-02 13:17:50][com.feiyu.dao.PersonDao]Cache Hit Ratio [com.feiyu.dao.PersonDao]: 0.5
[2021-06-02 13:17:50][org.mybatis.spring.transaction.SpringManagedTransaction]JDBC Connection [com.p6spy.engine.wrapper.ConnectionWrapper@1a87b51] will not be managed by Spring
[2021-06-02 13:17:50][com.feiyu.dao.PersonDao.selectPerson]==>  Preparing: select * from PERSON where pno = ? 
[2021-06-02 13:17:50][com.feiyu.dao.PersonDao.selectPerson]==> Parameters: 1001(Integer)
[2021-06-02 13:17:50][com.feiyu.dao.PersonDao.selectPerson]<==      Total: 1
[2021-06-02 13:17:50][org.mybatis.spring.SqlSessionUtils]Closing non transactional SqlSession [org.apache.ibatis.session.defaults.DefaultSqlSession@58cf8f94]
[2021-06-02 13:19:13][com.alibaba.druid.pool.DruidAbstractDataSource]oracle.jdbc.driver.OracleDriver is deprecated.Having use oracle.jdbc.OracleDriver.
[2021-06-02 13:19:16][com.alibaba.druid.pool.DruidDataSource]{dataSource-1} inited
[2021-06-02 13:19:16][com.alibaba.druid.pool.DruidDataSource]{dataSource-2} inited
[2021-06-02 13:19:17][org.apache.ibatis.logging.LogFactory]Logging initialized using 'class org.apache.ibatis.logging.log4j.Log4jImpl' adapter.
[2021-06-02 13:19:17][org.mybatis.spring.SqlSessionUtils]Creating a new SqlSession
[2021-06-02 13:19:17][org.mybatis.spring.SqlSessionUtils]SqlSession [org.apache.ibatis.session.defaults.DefaultSqlSession@162b3d47] was not registered for synchronization because synchronization is not active
[2021-06-02 13:19:17][com.feiyu.dao.PersonDao]Cache Hit Ratio [com.feiyu.dao.PersonDao]: 0.0
[2021-06-02 13:19:17][org.mybatis.spring.transaction.SpringManagedTransaction]JDBC Connection [com.p6spy.engine.wrapper.ConnectionWrapper@4aaae508] will not be managed by Spring
[2021-06-02 13:19:17][com.feiyu.dao.PersonDao.selectPerson]==>  Preparing: select * from PERSON where pno = ? 
[2021-06-02 13:19:17][com.feiyu.dao.PersonDao.selectPerson]==> Parameters: 1001(Integer)
[2021-06-02 13:19:17][com.feiyu.dao.PersonDao.selectPerson]<==      Total: 1
[2021-06-02 13:19:17][org.mybatis.spring.SqlSessionUtils]Closing non transactional SqlSession [org.apache.ibatis.session.defaults.DefaultSqlSession@162b3d47]
[2021-06-02 13:19:17][org.mybatis.spring.SqlSessionUtils]Creating a new SqlSession
[2021-06-02 13:19:17][org.mybatis.spring.SqlSessionUtils]SqlSession [org.apache.ibatis.session.defaults.DefaultSqlSession@6bda1d19] was not registered for synchronization because synchronization is not active
[2021-06-02 13:19:17][com.feiyu.dao.PersonDao]Cache Hit Ratio [com.feiyu.dao.PersonDao]: 0.5
[2021-06-02 13:19:17][org.mybatis.spring.transaction.SpringManagedTransaction]JDBC Connection [com.p6spy.engine.wrapper.ConnectionWrapper@28c86134] will not be managed by Spring
[2021-06-02 13:19:17][com.feiyu.dao.PersonDao.selectPerson]==>  Preparing: select * from PERSON where pno = ? 
[2021-06-02 13:19:17][com.feiyu.dao.PersonDao.selectPerson]==> Parameters: 1001(Integer)
[2021-06-02 13:19:17][com.feiyu.dao.PersonDao.selectPerson]<==      Total: 1
[2021-06-02 13:19:17][org.mybatis.spring.SqlSessionUtils]Closing non transactional SqlSession [org.apache.ibatis.session.defaults.DefaultSqlSession@6bda1d19]
[2021-06-02 13:29:03][com.alibaba.druid.pool.DruidAbstractDataSource]oracle.jdbc.driver.OracleDriver is deprecated.Having use oracle.jdbc.OracleDriver.
[2021-06-02 13:29:06][com.alibaba.druid.pool.DruidDataSource]{dataSource-1} inited
[2021-06-02 13:29:08][com.alibaba.druid.pool.DruidDataSource]{dataSource-2} inited
[2021-06-02 13:29:08][org.apache.ibatis.logging.LogFactory]Logging initialized using 'class org.apache.ibatis.logging.log4j.Log4jImpl' adapter.
[2021-06-02 13:29:08][com.alibaba.druid.pool.DruidDataSource]{dataSource-2} closing ...
[2021-06-02 13:29:08][com.alibaba.druid.pool.DruidDataSource]{dataSource-2} closed
[2021-06-02 13:29:08][com.alibaba.druid.pool.DruidDataSource]{dataSource-1} closing ...
[2021-06-02 13:29:08][com.alibaba.druid.pool.DruidDataSource]{dataSource-1} closed
[2021-06-02 13:29:25][com.alibaba.druid.pool.DruidAbstractDataSource]oracle.jdbc.driver.OracleDriver is deprecated.Having use oracle.jdbc.OracleDriver.
[2021-06-02 13:29:28][com.alibaba.druid.pool.DruidDataSource]{dataSource-1} inited
[2021-06-02 13:29:29][com.alibaba.druid.pool.DruidDataSource]{dataSource-2} inited
[2021-06-02 13:29:30][org.apache.ibatis.logging.LogFactory]Logging initialized using 'class org.apache.ibatis.logging.log4j.Log4jImpl' adapter.
[2021-06-02 13:29:30][org.mybatis.spring.SqlSessionUtils]Creating a new SqlSession
[2021-06-02 13:29:30][org.mybatis.spring.SqlSessionUtils]SqlSession [org.apache.ibatis.session.defaults.DefaultSqlSession@162b3d47] was not registered for synchronization because synchronization is not active
[2021-06-02 13:29:30][com.feiyu.dao.PersonDao]Cache Hit Ratio [com.feiyu.dao.PersonDao]: 0.0
[2021-06-02 13:29:30][org.mybatis.spring.transaction.SpringManagedTransaction]JDBC Connection [com.p6spy.engine.wrapper.ConnectionWrapper@4aaae508] will not be managed by Spring
[2021-06-02 13:29:30][com.feiyu.dao.PersonDao.selectPerson]==>  Preparing: select * from PERSON where pno = ? 
[2021-06-02 13:29:30][com.feiyu.dao.PersonDao.selectPerson]==> Parameters: 1001(Integer)
[2021-06-02 13:29:30][com.feiyu.dao.PersonDao.selectPerson]<==      Total: 1
[2021-06-02 13:29:30][org.mybatis.spring.SqlSessionUtils]Closing non transactional SqlSession [org.apache.ibatis.session.defaults.DefaultSqlSession@162b3d47]
[2021-06-02 13:29:30][org.mybatis.spring.SqlSessionUtils]Creating a new SqlSession
[2021-06-02 13:29:30][org.mybatis.spring.SqlSessionUtils]SqlSession [org.apache.ibatis.session.defaults.DefaultSqlSession@6bda1d19] was not registered for synchronization because synchronization is not active
[2021-06-02 13:29:30][com.feiyu.dao.PersonDao]Cache Hit Ratio [com.feiyu.dao.PersonDao]: 0.5
[2021-06-02 13:29:30][org.mybatis.spring.SqlSessionUtils]Closing non transactional SqlSession [org.apache.ibatis.session.defaults.DefaultSqlSession@6bda1d19]
[2021-06-02 13:43:38][com.alibaba.druid.pool.DruidAbstractDataSource]oracle.jdbc.driver.OracleDriver is deprecated.Having use oracle.jdbc.OracleDriver.
[2021-06-02 13:43:43][com.alibaba.druid.pool.DruidDataSource]{dataSource-1} inited
[2021-06-02 13:43:44][com.alibaba.druid.pool.DruidDataSource]{dataSource-2} inited
[2021-06-02 13:43:44][org.apache.ibatis.logging.LogFactory]Logging initialized using 'class org.apache.ibatis.logging.log4j.Log4jImpl' adapter.
[2021-06-02 13:43:44][org.mybatis.spring.SqlSessionUtils]Creating a new SqlSession
[2021-06-02 13:43:44][org.mybatis.spring.SqlSessionUtils]SqlSession [org.apache.ibatis.session.defaults.DefaultSqlSession@3402b4c9] was not registered for synchronization because synchronization is not active
[2021-06-02 13:43:44][com.feiyu.dao.PersonDao]Cache Hit Ratio [com.feiyu.dao.PersonDao]: 0.0
[2021-06-02 13:43:44][org.mybatis.spring.transaction.SpringManagedTransaction]JDBC Connection [com.p6spy.engine.wrapper.ConnectionWrapper@7bc6d27a] will not be managed by Spring
[2021-06-02 13:43:44][com.feiyu.dao.PersonDao.selectPerson]==>  Preparing: select * from PERSON where pno = ? 
[2021-06-02 13:43:44][com.feiyu.dao.PersonDao.selectPerson]==> Parameters: 1001(Integer)
[2021-06-02 13:43:44][com.feiyu.dao.PersonDao.selectPerson]<==      Total: 1
[2021-06-02 13:43:44][org.mybatis.spring.SqlSessionUtils]Closing non transactional SqlSession [org.apache.ibatis.session.defaults.DefaultSqlSession@3402b4c9]
[2021-06-02 13:43:44][org.mybatis.spring.SqlSessionUtils]Creating a new SqlSession
[2021-06-02 13:43:44][org.mybatis.spring.SqlSessionUtils]SqlSession [org.apache.ibatis.session.defaults.DefaultSqlSession@4492eede] was not registered for synchronization because synchronization is not active
[2021-06-02 13:43:44][com.feiyu.dao.PersonDao]Cache Hit Ratio [com.feiyu.dao.PersonDao]: 0.0
[2021-06-02 13:43:44][org.mybatis.spring.transaction.SpringManagedTransaction]JDBC Connection [com.p6spy.engine.wrapper.ConnectionWrapper@cbc8d0f] will not be managed by Spring
[2021-06-02 13:43:44][com.feiyu.dao.PersonDao.selectPerson]==>  Preparing: select * from PERSON where pno = ? 
[2021-06-02 13:43:44][com.feiyu.dao.PersonDao.selectPerson]==> Parameters: 1002(Integer)
[2021-06-02 13:43:44][com.feiyu.dao.PersonDao.selectPerson]<==      Total: 1
[2021-06-02 13:43:44][org.mybatis.spring.SqlSessionUtils]Closing non transactional SqlSession [org.apache.ibatis.session.defaults.DefaultSqlSession@4492eede]
[2021-06-02 13:44:10][com.alibaba.druid.pool.DruidAbstractDataSource]oracle.jdbc.driver.OracleDriver is deprecated.Having use oracle.jdbc.OracleDriver.
[2021-06-02 13:44:12][com.alibaba.druid.pool.DruidDataSource]{dataSource-1} inited
[2021-06-02 13:44:14][com.alibaba.druid.pool.DruidDataSource]{dataSource-2} inited
[2021-06-02 13:44:14][org.apache.ibatis.logging.LogFactory]Logging initialized using 'class org.apache.ibatis.logging.log4j.Log4jImpl' adapter.
[2021-06-02 13:44:14][org.mybatis.spring.SqlSessionUtils]Creating a new SqlSession
[2021-06-02 13:44:14][org.mybatis.spring.SqlSessionUtils]SqlSession [org.apache.ibatis.session.defaults.DefaultSqlSession@3402b4c9] was not registered for synchronization because synchronization is not active
[2021-06-02 13:44:14][com.feiyu.dao.PersonDao]Cache Hit Ratio [com.feiyu.dao.PersonDao]: 0.0
[2021-06-02 13:44:14][org.mybatis.spring.transaction.SpringManagedTransaction]JDBC Connection [com.p6spy.engine.wrapper.ConnectionWrapper@7bc6d27a] will not be managed by Spring
[2021-06-02 13:44:14][com.feiyu.dao.PersonDao.selectPerson]==>  Preparing: select * from PERSON where pno = ? 
[2021-06-02 13:44:15][com.feiyu.dao.PersonDao.selectPerson]==> Parameters: 1002(Integer)
[2021-06-02 13:44:15][com.feiyu.dao.PersonDao.selectPerson]<==      Total: 1
[2021-06-02 13:44:15][org.mybatis.spring.SqlSessionUtils]Closing non transactional SqlSession [org.apache.ibatis.session.defaults.DefaultSqlSession@3402b4c9]
[2021-06-02 13:44:15][org.mybatis.spring.SqlSessionUtils]Creating a new SqlSession
[2021-06-02 13:44:15][org.mybatis.spring.SqlSessionUtils]SqlSession [org.apache.ibatis.session.defaults.DefaultSqlSession@4492eede] was not registered for synchronization because synchronization is not active
[2021-06-02 13:44:15][com.feiyu.dao.PersonDao]Cache Hit Ratio [com.feiyu.dao.PersonDao]: 0.5
[2021-06-02 13:44:15][org.mybatis.spring.SqlSessionUtils]Closing non transactional SqlSession [org.apache.ibatis.session.defaults.DefaultSqlSession@4492eede]
[2021-06-02 13:45:12][com.alibaba.druid.pool.DruidAbstractDataSource]oracle.jdbc.driver.OracleDriver is deprecated.Having use oracle.jdbc.OracleDriver.
[2021-06-02 13:45:15][com.alibaba.druid.pool.DruidDataSource]{dataSource-1} inited
[2021-06-02 13:45:15][com.alibaba.druid.pool.DruidDataSource]{dataSource-2} inited
[2021-06-02 13:45:15][org.apache.ibatis.logging.LogFactory]Logging initialized using 'class org.apache.ibatis.logging.log4j.Log4jImpl' adapter.
[2021-06-02 13:45:16][org.mybatis.spring.SqlSessionUtils]Creating a new SqlSession
[2021-06-02 13:45:16][org.mybatis.spring.SqlSessionUtils]SqlSession [org.apache.ibatis.session.defaults.DefaultSqlSession@162b3d47] was not registered for synchronization because synchronization is not active
[2021-06-02 13:45:16][com.feiyu.dao.PersonDao]Cache Hit Ratio [com.feiyu.dao.PersonDao]: 0.0
[2021-06-02 13:45:16][org.mybatis.spring.transaction.SpringManagedTransaction]JDBC Connection [com.p6spy.engine.wrapper.ConnectionWrapper@4aaae508] will not be managed by Spring
[2021-06-02 13:45:16][com.feiyu.dao.PersonDao.selectPerson]==>  Preparing: select * from PERSON where pno = ? 
[2021-06-02 13:45:16][com.feiyu.dao.PersonDao.selectPerson]==> Parameters: 1002(Integer)
[2021-06-02 13:45:16][com.feiyu.dao.PersonDao.selectPerson]<==      Total: 1
[2021-06-02 13:45:16][org.mybatis.spring.SqlSessionUtils]Closing non transactional SqlSession [org.apache.ibatis.session.defaults.DefaultSqlSession@162b3d47]
[2021-06-02 13:45:16][org.mybatis.spring.SqlSessionUtils]Creating a new SqlSession
[2021-06-02 13:45:16][org.mybatis.spring.SqlSessionUtils]SqlSession [org.apache.ibatis.session.defaults.DefaultSqlSession@6bda1d19] was not registered for synchronization because synchronization is not active
[2021-06-02 13:45:16][com.feiyu.dao.PersonDao]Cache Hit Ratio [com.feiyu.dao.PersonDao]: 0.0
[2021-06-02 13:45:16][org.mybatis.spring.transaction.SpringManagedTransaction]JDBC Connection [com.p6spy.engine.wrapper.ConnectionWrapper@28c86134] will not be managed by Spring
[2021-06-02 13:45:16][com.feiyu.dao.PersonDao.selectPerson]==>  Preparing: select * from PERSON where pno = ? 
[2021-06-02 13:45:16][com.feiyu.dao.PersonDao.selectPerson]==> Parameters: 1001(Integer)
[2021-06-02 13:45:16][com.feiyu.dao.PersonDao.selectPerson]<==      Total: 1
[2021-06-02 13:45:16][org.mybatis.spring.SqlSessionUtils]Closing non transactional SqlSession [org.apache.ibatis.session.defaults.DefaultSqlSession@6bda1d19]
[2021-06-02 13:45:38][com.alibaba.druid.pool.DruidAbstractDataSource]oracle.jdbc.driver.OracleDriver is deprecated.Having use oracle.jdbc.OracleDriver.
[2021-06-02 13:45:40][com.alibaba.druid.pool.DruidDataSource]{dataSource-1} inited
[2021-06-02 13:45:40][com.alibaba.druid.pool.DruidDataSource]{dataSource-2} inited
[2021-06-02 13:45:40][org.apache.ibatis.logging.LogFactory]Logging initialized using 'class org.apache.ibatis.logging.log4j.Log4jImpl' adapter.
[2021-06-02 13:45:41][org.mybatis.spring.SqlSessionUtils]Creating a new SqlSession
[2021-06-02 13:45:41][org.mybatis.spring.SqlSessionUtils]SqlSession [org.apache.ibatis.session.defaults.DefaultSqlSession@696f0212] was not registered for synchronization because synchronization is not active
[2021-06-02 13:45:41][com.feiyu.dao.PersonDao]Cache Hit Ratio [com.feiyu.dao.PersonDao]: 0.0
[2021-06-02 13:45:41][org.mybatis.spring.transaction.SpringManagedTransaction]JDBC Connection [com.p6spy.engine.wrapper.ConnectionWrapper@5d1659ea] will not be managed by Spring
[2021-06-02 13:45:41][com.feiyu.dao.PersonDao.selectPerson]==>  Preparing: select * from PERSON where pno = ? 
[2021-06-02 13:45:41][com.feiyu.dao.PersonDao.selectPerson]==> Parameters: 1002(Integer)
[2021-06-02 13:45:41][com.feiyu.dao.PersonDao.selectPerson]<==      Total: 1
[2021-06-02 13:45:41][org.mybatis.spring.SqlSessionUtils]Closing non transactional SqlSession [org.apache.ibatis.session.defaults.DefaultSqlSession@696f0212]
[2021-06-02 13:45:41][org.mybatis.spring.SqlSessionUtils]Creating a new SqlSession
[2021-06-02 13:45:41][org.mybatis.spring.SqlSessionUtils]SqlSession [org.apache.ibatis.session.defaults.DefaultSqlSession@55b5f5d2] was not registered for synchronization because synchronization is not active
[2021-06-02 13:45:41][com.feiyu.dao.PersonDao]Cache Hit Ratio [com.feiyu.dao.PersonDao]: 0.5
[2021-06-02 13:45:41][org.mybatis.spring.SqlSessionUtils]Closing non transactional SqlSession [org.apache.ibatis.session.defaults.DefaultSqlSession@55b5f5d2]
[2021-06-02 13:55:05][com.alibaba.druid.pool.DruidAbstractDataSource]oracle.jdbc.driver.OracleDriver is deprecated.Having use oracle.jdbc.OracleDriver.
[2021-06-02 13:55:07][com.alibaba.druid.pool.DruidDataSource]{dataSource-1} inited
[2021-06-02 13:55:08][com.alibaba.druid.pool.DruidDataSource]{dataSource-2} inited
[2021-06-02 13:55:08][org.apache.ibatis.logging.LogFactory]Logging initialized using 'class org.apache.ibatis.logging.log4j.Log4jImpl' adapter.
[2021-06-02 13:55:08][org.mybatis.spring.SqlSessionUtils]Creating a new SqlSession
[2021-06-02 13:55:08][org.mybatis.spring.SqlSessionUtils]SqlSession [org.apache.ibatis.session.defaults.DefaultSqlSession@162b3d47] was not registered for synchronization because synchronization is not active
[2021-06-02 13:55:08][com.feiyu.dao.PersonDao]Cache Hit Ratio [com.feiyu.dao.PersonDao]: 0.0
[2021-06-02 13:55:08][org.mybatis.spring.transaction.SpringManagedTransaction]JDBC Connection [com.p6spy.engine.wrapper.ConnectionWrapper@4aaae508] will not be managed by Spring
[2021-06-02 13:55:08][com.feiyu.dao.PersonDao.selectPerson]==>  Preparing: select * from PERSON where pno = ? 
[2021-06-02 13:55:08][com.feiyu.dao.PersonDao.selectPerson]==> Parameters: 1002(Integer)
[2021-06-02 13:55:08][com.feiyu.dao.PersonDao.selectPerson]<==      Total: 1
[2021-06-02 13:55:08][org.mybatis.spring.SqlSessionUtils]Closing non transactional SqlSession [org.apache.ibatis.session.defaults.DefaultSqlSession@162b3d47]
[2021-06-02 13:55:08][org.mybatis.spring.SqlSessionUtils]Creating a new SqlSession
[2021-06-02 13:55:08][org.mybatis.spring.SqlSessionUtils]SqlSession [org.apache.ibatis.session.defaults.DefaultSqlSession@6bda1d19] was not registered for synchronization because synchronization is not active
[2021-06-02 13:55:08][com.feiyu.dao.PersonDao]Cache Hit Ratio [com.feiyu.dao.PersonDao]: 0.5
[2021-06-02 13:55:08][org.mybatis.spring.transaction.SpringManagedTransaction]JDBC Connection [com.p6spy.engine.wrapper.ConnectionWrapper@28c86134] will not be managed by Spring
[2021-06-02 13:55:08][com.feiyu.dao.PersonDao.selectPerson]==>  Preparing: select * from PERSON where pno = ? 
[2021-06-02 13:55:08][com.feiyu.dao.PersonDao.selectPerson]==> Parameters: 1002(Integer)
[2021-06-02 13:55:08][com.feiyu.dao.PersonDao.selectPerson]<==      Total: 1
[2021-06-02 13:55:08][org.mybatis.spring.SqlSessionUtils]Closing non transactional SqlSession [org.apache.ibatis.session.defaults.DefaultSqlSession@6bda1d19]
[2021-06-02 16:44:35][com.alibaba.druid.pool.DruidAbstractDataSource]oracle.jdbc.driver.OracleDriver is deprecated.Having use oracle.jdbc.OracleDriver.
[2021-06-02 16:44:37][com.alibaba.druid.pool.DruidDataSource]{dataSource-1} inited
[2021-06-02 16:44:38][com.alibaba.druid.pool.DruidDataSource]{dataSource-2} inited
[2021-06-02 16:44:38][org.apache.ibatis.logging.LogFactory]Logging initialized using 'class org.apache.ibatis.logging.log4j.Log4jImpl' adapter.
[2021-06-02 16:44:38][org.mybatis.spring.SqlSessionUtils]Creating a new SqlSession
[2021-06-02 16:44:38][org.mybatis.spring.SqlSessionUtils]SqlSession [org.apache.ibatis.session.defaults.DefaultSqlSession@162b3d47] was not registered for synchronization because synchronization is not active
[2021-06-02 16:44:38][com.feiyu.dao.PersonDao]Cache Hit Ratio [com.feiyu.dao.PersonDao]: 0.0
[2021-06-02 16:58:38][org.mybatis.spring.transaction.SpringManagedTransaction]JDBC Connection [com.p6spy.engine.wrapper.ConnectionWrapper@1ac45389] will not be managed by Spring
[2021-06-02 16:58:38][com.feiyu.dao.PersonDao.selectPerson]==>  Preparing: select * from PERSON where pno = ? 
[2021-06-02 16:58:38][com.feiyu.dao.PersonDao.selectPerson]==> Parameters: 1002(Integer)
[2021-06-02 16:58:38][com.feiyu.dao.PersonDao.selectPerson]<==      Total: 1
[2021-06-02 16:58:38][org.mybatis.spring.SqlSessionUtils]Closing non transactional SqlSession [org.apache.ibatis.session.defaults.DefaultSqlSession@162b3d47]
[2021-06-02 16:58:38][org.mybatis.spring.SqlSessionUtils]Creating a new SqlSession
[2021-06-02 16:58:38][org.mybatis.spring.SqlSessionUtils]SqlSession [org.apache.ibatis.session.defaults.DefaultSqlSession@76ddd61a] was not registered for synchronization because synchronization is not active
[2021-06-02 16:58:38][com.feiyu.dao.PersonDao]Cache Hit Ratio [com.feiyu.dao.PersonDao]: 0.5
[2021-06-02 16:58:38][org.mybatis.spring.transaction.SpringManagedTransaction]JDBC Connection [com.p6spy.engine.wrapper.ConnectionWrapper@3f92a84e] will not be managed by Spring
[2021-06-02 16:58:38][com.feiyu.dao.PersonDao.selectPerson]==>  Preparing: select * from PERSON where pno = ? 
[2021-06-02 16:58:38][com.feiyu.dao.PersonDao.selectPerson]==> Parameters: 1002(Integer)
[2021-06-02 16:58:38][com.feiyu.dao.PersonDao.selectPerson]<==      Total: 1
[2021-06-02 16:58:38][org.mybatis.spring.SqlSessionUtils]Closing non transactional SqlSession [org.apache.ibatis.session.defaults.DefaultSqlSession@76ddd61a]
[2021-06-02 16:58:46][com.alibaba.druid.pool.DruidAbstractDataSource]oracle.jdbc.driver.OracleDriver is deprecated.Having use oracle.jdbc.OracleDriver.
[2021-06-02 16:58:48][com.alibaba.druid.pool.DruidDataSource]{dataSource-1} inited
[2021-06-02 16:58:49][com.alibaba.druid.pool.DruidDataSource]{dataSource-2} inited
[2021-06-02 16:58:49][org.apache.ibatis.logging.LogFactory]Logging initialized using 'class org.apache.ibatis.logging.log4j.Log4jImpl' adapter.
[2021-06-02 16:58:49][org.mybatis.spring.SqlSessionUtils]Creating a new SqlSession
[2021-06-02 16:58:49][org.mybatis.spring.SqlSessionUtils]SqlSession [org.apache.ibatis.session.defaults.DefaultSqlSession@95bb2a2] was not registered for synchronization because synchronization is not active
[2021-06-02 16:58:49][com.feiyu.dao.PersonDao]Cache Hit Ratio [com.feiyu.dao.PersonDao]: 0.0
[2021-06-02 17:01:47][org.mybatis.spring.transaction.SpringManagedTransaction]JDBC Connection [com.p6spy.engine.wrapper.ConnectionWrapper@63bde6c2] will not be managed by Spring
[2021-06-02 17:01:47][com.feiyu.dao.PersonDao.selectPerson]==>  Preparing: select * from PERSON where pno = ? 
[2021-06-02 17:06:15][com.feiyu.dao.PersonDao.selectPerson]==> Parameters: 1001(Integer)
[2021-06-02 17:06:15][com.feiyu.dao.PersonDao.selectPerson]<==      Total: 1
[2021-06-02 17:06:15][org.mybatis.spring.SqlSessionUtils]Closing non transactional SqlSession [org.apache.ibatis.session.defaults.DefaultSqlSession@95bb2a2]
[2021-06-02 17:06:15][org.mybatis.spring.SqlSessionUtils]Creating a new SqlSession
[2021-06-02 17:06:15][org.mybatis.spring.SqlSessionUtils]SqlSession [org.apache.ibatis.session.defaults.DefaultSqlSession@46a953cf] was not registered for synchronization because synchronization is not active
[2021-06-02 17:07:22][org.mybatis.spring.transaction.SpringManagedTransaction]JDBC Connection [com.p6spy.engine.wrapper.ConnectionWrapper@154bd49b] will not be managed by Spring
[2021-06-02 17:07:22][com.feiyu.dao.PersonDao.updatePerson]==>  Preparing: update PERSON set pname = ? where pno = ? 
[2021-06-02 17:07:23][com.feiyu.dao.PersonDao.updatePerson]==> Parameters: 千寻007(String), 1001(Integer)
[2021-06-02 17:07:23][com.feiyu.dao.PersonDao.updatePerson]<==    Updates: 1
[2021-06-02 17:07:27][org.mybatis.spring.SqlSessionUtils]Closing non transactional SqlSession [org.apache.ibatis.session.defaults.DefaultSqlSession@46a953cf]
[2021-06-02 17:07:27][org.mybatis.spring.SqlSessionUtils]Creating a new SqlSession
[2021-06-02 17:07:27][org.mybatis.spring.SqlSessionUtils]SqlSession [org.apache.ibatis.session.defaults.DefaultSqlSession@472698d] was not registered for synchronization because synchronization is not active
[2021-06-02 17:07:27][com.feiyu.dao.PersonDao]Cache Hit Ratio [com.feiyu.dao.PersonDao]: 0.0
[2021-06-02 17:07:27][org.mybatis.spring.transaction.SpringManagedTransaction]JDBC Connection [com.p6spy.engine.wrapper.ConnectionWrapper@7b7683d4] will not be managed by Spring
[2021-06-02 17:07:27][com.feiyu.dao.PersonDao.selectPerson]==>  Preparing: select * from PERSON where pno = ? 
[2021-06-02 17:07:27][com.feiyu.dao.PersonDao.selectPerson]==> Parameters: 1001(Integer)
[2021-06-02 17:07:27][com.feiyu.dao.PersonDao.selectPerson]<==      Total: 1
[2021-06-02 17:07:27][org.mybatis.spring.SqlSessionUtils]Closing non transactional SqlSession [org.apache.ibatis.session.defaults.DefaultSqlSession@472698d]
[2021-06-02 17:12:03][com.alibaba.druid.pool.DruidAbstractDataSource]oracle.jdbc.driver.OracleDriver is deprecated.Having use oracle.jdbc.OracleDriver.
[2021-06-02 17:12:05][com.alibaba.druid.pool.DruidDataSource]{dataSource-1} inited
[2021-06-02 17:12:06][com.alibaba.druid.pool.DruidDataSource]{dataSource-2} inited
[2021-06-02 17:12:06][org.apache.ibatis.logging.LogFactory]Logging initialized using 'class org.apache.ibatis.logging.log4j.Log4jImpl' adapter.
[2021-06-02 17:12:06][org.mybatis.spring.SqlSessionUtils]Creating a new SqlSession
[2021-06-02 17:12:06][org.mybatis.spring.SqlSessionUtils]SqlSession [org.apache.ibatis.session.defaults.DefaultSqlSession@162b3d47] was not registered for synchronization because synchronization is not active
[2021-06-02 17:12:06][com.feiyu.dao.PersonDao]Cache Hit Ratio [com.feiyu.dao.PersonDao]: 0.0
[2021-06-02 17:12:06][org.mybatis.spring.transaction.SpringManagedTransaction]JDBC Connection [com.p6spy.engine.wrapper.ConnectionWrapper@4aaae508] will not be managed by Spring
[2021-06-02 17:12:06][com.feiyu.dao.PersonDao.selectPerson]==>  Preparing: select * from PERSON where pno = ? 
[2021-06-02 17:12:06][com.feiyu.dao.PersonDao.selectPerson]==> Parameters: 1001(Integer)
[2021-06-02 17:12:06][com.feiyu.dao.PersonDao.selectPerson]<==      Total: 1
[2021-06-02 17:12:06][org.mybatis.spring.SqlSessionUtils]Closing non transactional SqlSession [org.apache.ibatis.session.defaults.DefaultSqlSession@162b3d47]
[2021-06-02 17:16:41][com.alibaba.druid.pool.DruidAbstractDataSource]oracle.jdbc.driver.OracleDriver is deprecated.Having use oracle.jdbc.OracleDriver.
[2021-06-02 17:16:43][com.alibaba.druid.pool.DruidDataSource]{dataSource-1} inited
[2021-06-02 17:16:44][com.alibaba.druid.pool.DruidDataSource]{dataSource-2} inited
[2021-06-02 17:16:44][org.apache.ibatis.logging.LogFactory]Logging initialized using 'class org.apache.ibatis.logging.log4j.Log4jImpl' adapter.
[2021-06-02 17:16:44][org.mybatis.spring.SqlSessionUtils]Creating a new SqlSession
[2021-06-02 17:16:44][org.mybatis.spring.SqlSessionUtils]SqlSession [org.apache.ibatis.session.defaults.DefaultSqlSession@95bb2a2] was not registered for synchronization because synchronization is not active
[2021-06-02 17:16:44][com.feiyu.dao.PersonDao]Cache Hit Ratio [com.feiyu.dao.PersonDao]: 0.0
[2021-06-02 17:16:44][org.mybatis.spring.transaction.SpringManagedTransaction]JDBC Connection [com.p6spy.engine.wrapper.ConnectionWrapper@75769ab0] will not be managed by Spring
[2021-06-02 17:16:44][com.feiyu.dao.PersonDao.selectPerson]==>  Preparing: select * from PERSON where pno = ? 
[2021-06-02 17:16:44][com.feiyu.dao.PersonDao.selectPerson]==> Parameters: 1001(Integer)
[2021-06-02 17:16:44][com.feiyu.dao.PersonDao.selectPerson]<==      Total: 1
[2021-06-02 17:16:44][org.mybatis.spring.SqlSessionUtils]Closing non transactional SqlSession [org.apache.ibatis.session.defaults.DefaultSqlSession@95bb2a2]
[2021-06-02 17:16:44][org.mybatis.spring.SqlSessionUtils]Creating a new SqlSession
[2021-06-02 17:16:44][org.mybatis.spring.SqlSessionUtils]SqlSession [org.apache.ibatis.session.defaults.DefaultSqlSession@cbc8d0f] was not registered for synchronization because synchronization is not active
[2021-06-02 17:16:44][org.mybatis.spring.transaction.SpringManagedTransaction]JDBC Connection [com.p6spy.engine.wrapper.ConnectionWrapper@37b57b54] will not be managed by Spring
[2021-06-02 17:16:44][com.feiyu.dao.PersonDao.updatePerson]==>  Preparing: update PERSON set pname = ? where pno = ? 
[2021-06-02 17:16:44][com.feiyu.dao.PersonDao.updatePerson]==> Parameters: 千寻007(String), 1001(Integer)
[2021-06-02 17:16:44][com.feiyu.dao.PersonDao.updatePerson]<==    Updates: 1
[2021-06-02 17:16:44][org.mybatis.spring.SqlSessionUtils]Closing non transactional SqlSession [org.apache.ibatis.session.defaults.DefaultSqlSession@cbc8d0f]
[2021-06-02 17:16:44][org.mybatis.spring.SqlSessionUtils]Creating a new SqlSession
[2021-06-02 17:16:44][org.mybatis.spring.SqlSessionUtils]SqlSession [org.apache.ibatis.session.defaults.DefaultSqlSession@5580d62f] was not registered for synchronization because synchronization is not active
[2021-06-02 17:16:44][com.feiyu.dao.PersonDao]Cache Hit Ratio [com.feiyu.dao.PersonDao]: 0.0
[2021-06-02 17:16:44][org.mybatis.spring.transaction.SpringManagedTransaction]JDBC Connection [com.p6spy.engine.wrapper.ConnectionWrapper@16872c4d] will not be managed by Spring
[2021-06-02 17:16:44][com.feiyu.dao.PersonDao.selectPerson]==>  Preparing: select * from PERSON where pno = ? 
[2021-06-02 17:16:44][com.feiyu.dao.PersonDao.selectPerson]==> Parameters: 1001(Integer)
[2021-06-02 17:16:44][com.feiyu.dao.PersonDao.selectPerson]<==      Total: 1
[2021-06-02 17:16:44][org.mybatis.spring.SqlSessionUtils]Closing non transactional SqlSession [org.apache.ibatis.session.defaults.DefaultSqlSession@5580d62f]
[2021-06-02 17:52:56][com.alibaba.druid.pool.DruidAbstractDataSource]oracle.jdbc.driver.OracleDriver is deprecated.Having use oracle.jdbc.OracleDriver.
[2021-06-02 17:52:59][com.alibaba.druid.pool.DruidDataSource]{dataSource-1} inited
[2021-06-02 17:53:01][com.alibaba.druid.pool.DruidDataSource]{dataSource-2} inited
[2021-06-02 17:53:01][org.apache.ibatis.logging.LogFactory]Logging initialized using 'class org.apache.ibatis.logging.log4j.Log4jImpl' adapter.
[2021-06-02 17:53:01][org.mybatis.spring.SqlSessionUtils]Creating a new SqlSession
[2021-06-02 17:53:01][org.mybatis.spring.SqlSessionUtils]SqlSession [org.apache.ibatis.session.defaults.DefaultSqlSession@162b3d47] was not registered for synchronization because synchronization is not active
[2021-06-02 17:53:01][com.feiyu.dao.PersonDao]Cache Hit Ratio [com.feiyu.dao.PersonDao]: 0.0
[2021-06-02 17:53:01][org.mybatis.spring.transaction.SpringManagedTransaction]JDBC Connection [com.p6spy.engine.wrapper.ConnectionWrapper@4aaae508] will not be managed by Spring
[2021-06-02 17:53:01][com.feiyu.dao.PersonDao.selectPerson]==>  Preparing: select * from PERSON where pno = ? 
[2021-06-02 17:53:01][com.feiyu.dao.PersonDao.selectPerson]==> Parameters: 1002(Integer)
[2021-06-02 17:53:01][com.feiyu.dao.PersonDao.selectPerson]<==      Total: 1
[2021-06-02 17:53:01][org.mybatis.spring.SqlSessionUtils]Closing non transactional SqlSession [org.apache.ibatis.session.defaults.DefaultSqlSession@162b3d47]
[2021-06-02 17:53:01][org.mybatis.spring.SqlSessionUtils]Creating a new SqlSession
[2021-06-02 17:53:01][org.mybatis.spring.SqlSessionUtils]SqlSession [org.apache.ibatis.session.defaults.DefaultSqlSession@6bda1d19] was not registered for synchronization because synchronization is not active
[2021-06-02 17:53:01][org.mybatis.spring.transaction.SpringManagedTransaction]JDBC Connection [com.p6spy.engine.wrapper.ConnectionWrapper@28c86134] will not be managed by Spring
[2021-06-02 17:53:01][com.feiyu.dao.PersonDao.updatePerson]==>  Preparing: update PERSON set pname = ? where pno = ? 
[2021-06-02 17:53:01][com.feiyu.dao.PersonDao.updatePerson]==> Parameters: 千寻007(String), 1001(Integer)
[2021-06-02 17:53:01][com.feiyu.dao.PersonDao.updatePerson]<==    Updates: 1
[2021-06-02 17:53:01][org.mybatis.spring.SqlSessionUtils]Closing non transactional SqlSession [org.apache.ibatis.session.defaults.DefaultSqlSession@6bda1d19]
[2021-06-02 17:53:01][org.mybatis.spring.SqlSessionUtils]Creating a new SqlSession
[2021-06-02 17:53:01][org.mybatis.spring.SqlSessionUtils]SqlSession [org.apache.ibatis.session.defaults.DefaultSqlSession@7be71476] was not registered for synchronization because synchronization is not active
[2021-06-02 17:53:01][com.feiyu.dao.PersonDao]Cache Hit Ratio [com.feiyu.dao.PersonDao]: 0.0
[2021-06-02 17:53:01][org.mybatis.spring.transaction.SpringManagedTransaction]JDBC Connection [com.p6spy.engine.wrapper.ConnectionWrapper@5cb5bb88] will not be managed by Spring
[2021-06-02 17:53:01][com.feiyu.dao.PersonDao.selectPerson]==>  Preparing: select * from PERSON where pno = ? 
[2021-06-02 17:53:01][com.feiyu.dao.PersonDao.selectPerson]==> Parameters: 1002(Integer)
[2021-06-02 17:53:01][com.feiyu.dao.PersonDao.selectPerson]<==      Total: 1
[2021-06-02 17:53:01][org.mybatis.spring.SqlSessionUtils]Closing non transactional SqlSession [org.apache.ibatis.session.defaults.DefaultSqlSession@7be71476]
[2021-06-02 17:54:13][com.alibaba.druid.pool.DruidAbstractDataSource]oracle.jdbc.driver.OracleDriver is deprecated.Having use oracle.jdbc.OracleDriver.
[2021-06-02 17:54:16][com.alibaba.druid.pool.DruidDataSource]{dataSource-1} inited
[2021-06-02 17:54:17][com.alibaba.druid.pool.DruidDataSource]{dataSource-2} inited
[2021-06-02 17:54:17][org.apache.ibatis.logging.LogFactory]Logging initialized using 'class org.apache.ibatis.logging.log4j.Log4jImpl' adapter.
[2021-06-02 17:54:17][org.mybatis.spring.SqlSessionUtils]Creating a new SqlSession
[2021-06-02 17:54:17][org.mybatis.spring.SqlSessionUtils]SqlSession [org.apache.ibatis.session.defaults.DefaultSqlSession@162b3d47] was not registered for synchronization because synchronization is not active
[2021-06-02 17:54:17][com.feiyu.dao.PersonDao]Cache Hit Ratio [com.feiyu.dao.PersonDao]: 0.0
[2021-06-02 17:54:17][org.mybatis.spring.transaction.SpringManagedTransaction]JDBC Connection [com.p6spy.engine.wrapper.ConnectionWrapper@4aaae508] will not be managed by Spring
[2021-06-02 17:54:17][com.feiyu.dao.PersonDao.selectPerson]==>  Preparing: select * from PERSON where pno = ? 
[2021-06-02 17:54:17][com.feiyu.dao.PersonDao.selectPerson]==> Parameters: 1002(Integer)
[2021-06-02 17:54:17][com.feiyu.dao.PersonDao.selectPerson]<==      Total: 1
[2021-06-02 17:54:17][org.mybatis.spring.SqlSessionUtils]Closing non transactional SqlSession [org.apache.ibatis.session.defaults.DefaultSqlSession@162b3d47]
[2021-06-02 17:54:17][org.mybatis.spring.SqlSessionUtils]Creating a new SqlSession
[2021-06-02 17:54:17][org.mybatis.spring.SqlSessionUtils]SqlSession [org.apache.ibatis.session.defaults.DefaultSqlSession@6bda1d19] was not registered for synchronization because synchronization is not active
[2021-06-02 17:54:17][com.feiyu.dao.PersonDao]Cache Hit Ratio [com.feiyu.dao.PersonDao]: 0.5
[2021-06-02 17:54:17][org.mybatis.spring.SqlSessionUtils]Closing non transactional SqlSession [org.apache.ibatis.session.defaults.DefaultSqlSession@6bda1d19]
[2021-06-02 17:54:41][com.alibaba.druid.pool.DruidAbstractDataSource]oracle.jdbc.driver.OracleDriver is deprecated.Having use oracle.jdbc.OracleDriver.
[2021-06-02 17:54:44][com.alibaba.druid.pool.DruidDataSource]{dataSource-1} inited
[2021-06-02 17:54:44][com.alibaba.druid.pool.DruidDataSource]{dataSource-2} inited
[2021-06-02 17:54:45][org.apache.ibatis.logging.LogFactory]Logging initialized using 'class org.apache.ibatis.logging.log4j.Log4jImpl' adapter.
[2021-06-02 17:54:45][org.mybatis.spring.SqlSessionUtils]Creating a new SqlSession
[2021-06-02 17:54:45][org.mybatis.spring.SqlSessionUtils]SqlSession [org.apache.ibatis.session.defaults.DefaultSqlSession@76c387f9] was not registered for synchronization because synchronization is not active
[2021-06-02 17:54:45][com.feiyu.dao.PersonDao]Cache Hit Ratio [com.feiyu.dao.PersonDao]: 0.0
[2021-06-02 17:54:45][org.mybatis.spring.transaction.SpringManagedTransaction]JDBC Connection [com.p6spy.engine.wrapper.ConnectionWrapper@7c447c76] will not be managed by Spring
[2021-06-02 17:54:45][com.feiyu.dao.PersonDao.selectPerson]==>  Preparing: select * from PERSON where pno = ? 
[2021-06-02 17:54:45][com.feiyu.dao.PersonDao.selectPerson]==> Parameters: 1002(Integer)
[2021-06-02 17:54:45][com.feiyu.dao.PersonDao.selectPerson]<==      Total: 1
[2021-06-02 17:54:45][org.mybatis.spring.SqlSessionUtils]Closing non transactional SqlSession [org.apache.ibatis.session.defaults.DefaultSqlSession@76c387f9]
[2021-06-02 17:54:45][org.mybatis.spring.SqlSessionUtils]Creating a new SqlSession
[2021-06-02 17:54:45][org.mybatis.spring.SqlSessionUtils]SqlSession [org.apache.ibatis.session.defaults.DefaultSqlSession@2a685eba] was not registered for synchronization because synchronization is not active
[2021-06-02 17:54:45][com.feiyu.dao.PersonDao]Cache Hit Ratio [com.feiyu.dao.PersonDao]: 0.0
[2021-06-02 17:54:45][org.mybatis.spring.transaction.SpringManagedTransaction]JDBC Connection [com.p6spy.engine.wrapper.ConnectionWrapper@c2e3264] will not be managed by Spring
[2021-06-02 17:54:45][com.feiyu.dao.PersonDao.selectPerson]==>  Preparing: select * from PERSON where pno = ? 
[2021-06-02 17:54:45][com.feiyu.dao.PersonDao.selectPerson]==> Parameters: 1003(Integer)
[2021-06-02 17:54:45][com.feiyu.dao.PersonDao.selectPerson]<==      Total: 1
[2021-06-02 17:54:45][org.mybatis.spring.SqlSessionUtils]Closing non transactional SqlSession [org.apache.ibatis.session.defaults.DefaultSqlSession@2a685eba]
[2021-06-02 17:56:19][com.alibaba.druid.pool.DruidAbstractDataSource]oracle.jdbc.driver.OracleDriver is deprecated.Having use oracle.jdbc.OracleDriver.
[2021-06-02 17:56:22][com.alibaba.druid.pool.DruidDataSource]{dataSource-1} inited
[2021-06-02 17:56:23][com.alibaba.druid.pool.DruidDataSource]{dataSource-2} inited
[2021-06-02 17:56:23][org.apache.ibatis.logging.LogFactory]Logging initialized using 'class org.apache.ibatis.logging.log4j.Log4jImpl' adapter.
[2021-06-02 17:56:23][org.mybatis.spring.SqlSessionUtils]Creating a new SqlSession
[2021-06-02 17:56:23][org.mybatis.spring.SqlSessionUtils]SqlSession [org.apache.ibatis.session.defaults.DefaultSqlSession@39008c9f] was not registered for synchronization because synchronization is not active
[2021-06-02 17:56:23][com.feiyu.dao.PersonDao]Cache Hit Ratio [com.feiyu.dao.PersonDao]: 0.0
[2021-06-02 17:56:23][org.mybatis.spring.transaction.SpringManagedTransaction]JDBC Connection [com.p6spy.engine.wrapper.ConnectionWrapper@f3021cb] will not be managed by Spring
[2021-06-02 17:56:23][com.feiyu.dao.PersonDao.selectPerson]==>  Preparing: select * from PERSON where pno = ? 
[2021-06-02 17:56:23][com.feiyu.dao.PersonDao.selectPerson]==> Parameters: 1002(Integer)
[2021-06-02 17:56:23][com.feiyu.dao.PersonDao.selectPerson]<==      Total: 1
[2021-06-02 17:56:23][org.mybatis.spring.SqlSessionUtils]Closing non transactional SqlSession [org.apache.ibatis.session.defaults.DefaultSqlSession@39008c9f]
[2021-06-02 17:56:23][org.mybatis.spring.SqlSessionUtils]Creating a new SqlSession
[2021-06-02 17:56:23][org.mybatis.spring.SqlSessionUtils]SqlSession [org.apache.ibatis.session.defaults.DefaultSqlSession@f08fdce] was not registered for synchronization because synchronization is not active
[2021-06-02 17:56:23][com.feiyu.dao.PersonDao]Cache Hit Ratio [com.feiyu.dao.PersonDao]: 0.5
[2021-06-02 17:56:23][org.mybatis.spring.SqlSessionUtils]Closing non transactional SqlSession [org.apache.ibatis.session.defaults.DefaultSqlSession@f08fdce]
[2021-06-02 17:56:46][com.alibaba.druid.pool.DruidAbstractDataSource]oracle.jdbc.driver.OracleDriver is deprecated.Having use oracle.jdbc.OracleDriver.
[2021-06-02 17:56:49][com.alibaba.druid.pool.DruidDataSource]{dataSource-1} inited
[2021-06-02 17:56:50][com.alibaba.druid.pool.DruidDataSource]{dataSource-2} inited
[2021-06-02 17:56:50][org.apache.ibatis.logging.LogFactory]Logging initialized using 'class org.apache.ibatis.logging.log4j.Log4jImpl' adapter.
[2021-06-02 17:56:50][org.mybatis.spring.SqlSessionUtils]Creating a new SqlSession
[2021-06-02 17:56:50][org.mybatis.spring.SqlSessionUtils]SqlSession [org.apache.ibatis.session.defaults.DefaultSqlSession@95bb2a2] was not registered for synchronization because synchronization is not active
[2021-06-02 17:56:50][com.feiyu.dao.PersonDao]Cache Hit Ratio [com.feiyu.dao.PersonDao]: 0.0
[2021-06-02 17:56:50][org.mybatis.spring.transaction.SpringManagedTransaction]JDBC Connection [com.p6spy.engine.wrapper.ConnectionWrapper@75769ab0] will not be managed by Spring
[2021-06-02 17:56:50][com.feiyu.dao.PersonDao.selectPerson]==>  Preparing: select * from PERSON where pno = ? 
[2021-06-02 17:56:50][com.feiyu.dao.PersonDao.selectPerson]==> Parameters: 1002(Integer)
[2021-06-02 17:56:51][com.feiyu.dao.PersonDao.selectPerson]<==      Total: 1
[2021-06-02 17:56:51][org.mybatis.spring.SqlSessionUtils]Closing non transactional SqlSession [org.apache.ibatis.session.defaults.DefaultSqlSession@95bb2a2]
[2021-06-02 17:56:51][org.mybatis.spring.SqlSessionUtils]Creating a new SqlSession
[2021-06-02 17:56:51][org.mybatis.spring.SqlSessionUtils]SqlSession [org.apache.ibatis.session.defaults.DefaultSqlSession@cbc8d0f] was not registered for synchronization because synchronization is not active
[2021-06-02 17:56:51][com.feiyu.dao.PersonDao]Cache Hit Ratio [com.feiyu.dao.PersonDao]: 0.5
[2021-06-02 17:56:51][org.mybatis.spring.SqlSessionUtils]Closing non transactional SqlSession [org.apache.ibatis.session.defaults.DefaultSqlSession@cbc8d0f]
[2021-06-02 19:22:45][com.alibaba.druid.pool.DruidAbstractDataSource]oracle.jdbc.driver.OracleDriver is deprecated.Having use oracle.jdbc.OracleDriver.
[2021-06-02 19:22:48][com.alibaba.druid.pool.DruidDataSource]{dataSource-1} inited
[2021-06-02 19:22:49][com.alibaba.druid.pool.DruidDataSource]{dataSource-2} inited
[2021-06-02 19:22:49][org.apache.ibatis.logging.LogFactory]Logging initialized using 'class org.apache.ibatis.logging.log4j.Log4jImpl' adapter.
[2021-06-02 19:22:49][com.alibaba.druid.pool.DruidDataSource]{dataSource-2} closing ...
[2021-06-02 19:22:49][com.alibaba.druid.pool.DruidDataSource]{dataSource-2} closed
[2021-06-02 19:22:49][com.alibaba.druid.pool.DruidDataSource]{dataSource-1} closing ...
[2021-06-02 19:22:49][com.alibaba.druid.pool.DruidDataSource]{dataSource-1} closed
[2021-06-02 19:24:26][com.alibaba.druid.pool.DruidAbstractDataSource]oracle.jdbc.driver.OracleDriver is deprecated.Having use oracle.jdbc.OracleDriver.
[2021-06-02 19:24:29][com.alibaba.druid.pool.DruidDataSource]{dataSource-1} inited
[2021-06-02 19:24:30][com.alibaba.druid.pool.DruidDataSource]{dataSource-2} inited
[2021-06-02 19:24:30][org.apache.ibatis.logging.LogFactory]Logging initialized using 'class org.apache.ibatis.logging.log4j.Log4jImpl' adapter.
[2021-06-02 19:24:30][com.alibaba.druid.pool.DruidDataSource]{dataSource-2} closing ...
[2021-06-02 19:24:30][com.alibaba.druid.pool.DruidDataSource]{dataSource-2} closed
[2021-06-02 19:24:30][com.alibaba.druid.pool.DruidDataSource]{dataSource-1} closing ...
[2021-06-02 19:24:30][com.alibaba.druid.pool.DruidDataSource]{dataSource-1} closed
[2021-06-02 19:24:55][com.alibaba.druid.pool.DruidAbstractDataSource]oracle.jdbc.driver.OracleDriver is deprecated.Having use oracle.jdbc.OracleDriver.
[2021-06-02 19:24:58][com.alibaba.druid.pool.DruidDataSource]{dataSource-1} inited
[2021-06-02 19:24:58][com.alibaba.druid.pool.DruidDataSource]{dataSource-2} inited
[2021-06-02 19:24:58][org.apache.ibatis.logging.LogFactory]Logging initialized using 'class org.apache.ibatis.logging.log4j.Log4jImpl' adapter.
[2021-06-02 19:38:39][com.alibaba.druid.pool.DruidAbstractDataSource]oracle.jdbc.driver.OracleDriver is deprecated.Having use oracle.jdbc.OracleDriver.
[2021-06-02 19:38:41][com.alibaba.druid.pool.DruidDataSource]{dataSource-1} inited
[2021-06-02 19:38:42][com.alibaba.druid.pool.DruidDataSource]{dataSource-2} inited
[2021-06-02 19:38:42][org.apache.ibatis.logging.LogFactory]Logging initialized using 'class org.apache.ibatis.logging.log4j.Log4jImpl' adapter.
[2021-06-02 19:40:25][com.alibaba.druid.pool.DruidAbstractDataSource]oracle.jdbc.driver.OracleDriver is deprecated.Having use oracle.jdbc.OracleDriver.
[2021-06-02 19:40:28][com.alibaba.druid.pool.DruidDataSource]{dataSource-1} inited
[2021-06-02 19:40:28][com.alibaba.druid.pool.DruidDataSource]{dataSource-2} inited
[2021-06-02 19:40:29][org.apache.ibatis.logging.LogFactory]Logging initialized using 'class org.apache.ibatis.logging.log4j.Log4jImpl' adapter.
[2021-06-02 19:40:29][org.mybatis.spring.SqlSessionUtils]Creating a new SqlSession
[2021-06-02 19:40:29][org.mybatis.spring.SqlSessionUtils]Registering transaction synchronization for SqlSession [org.apache.ibatis.session.defaults.DefaultSqlSession@68b58644]
[2021-06-02 19:40:29][org.mybatis.spring.transaction.SpringManagedTransaction]JDBC Connection [com.p6spy.engine.wrapper.ConnectionWrapper@5017e1] will be managed by Spring
[2021-06-02 19:40:29][com.feiyu.dao.PersonDao.deletePerson]==>  Preparing: delete from PERSON where pno = ? 
[2021-06-02 19:40:29][com.feiyu.dao.PersonDao.deletePerson]==> Parameters: 1001(Integer)
[2021-06-02 19:40:29][com.feiyu.dao.PersonDao.deletePerson]<==    Updates: 1
[2021-06-02 19:40:29][org.mybatis.spring.SqlSessionUtils]Releasing transactional SqlSession [org.apache.ibatis.session.defaults.DefaultSqlSession@68b58644]
[2021-06-02 19:40:29][org.mybatis.spring.SqlSessionUtils]Fetched SqlSession [org.apache.ibatis.session.defaults.DefaultSqlSession@68b58644] from current transaction
[2021-06-02 19:40:29][com.feiyu.dao.PersonDao.insertPerson]==>  Preparing: inserts into PERSON(pno, pname, address, email) values(?, ?, ?, ?) 
[2021-06-02 19:40:29][com.feiyu.dao.PersonDao.insertPerson]==> Parameters: 1001(Integer), 千寻88(String), 朝阳区nb(String), dddddddddd(String)
[2021-06-02 19:40:29][org.mybatis.spring.SqlSessionUtils]Releasing transactional SqlSession [org.apache.ibatis.session.defaults.DefaultSqlSession@68b58644]
[2021-06-02 19:40:29][org.mybatis.spring.SqlSessionUtils]Transaction synchronization deregistering SqlSession [org.apache.ibatis.session.defaults.DefaultSqlSession@68b58644]
[2021-06-02 19:40:29][org.mybatis.spring.SqlSessionUtils]Transaction synchronization closing SqlSession [org.apache.ibatis.session.defaults.DefaultSqlSession@68b58644]
[2021-06-02 19:41:42][com.alibaba.druid.pool.DruidAbstractDataSource]oracle.jdbc.driver.OracleDriver is deprecated.Having use oracle.jdbc.OracleDriver.
[2021-06-02 19:41:44][com.alibaba.druid.pool.DruidDataSource]{dataSource-1} inited
[2021-06-02 19:41:45][com.alibaba.druid.pool.DruidDataSource]{dataSource-2} inited
[2021-06-02 19:41:45][org.apache.ibatis.logging.LogFactory]Logging initialized using 'class org.apache.ibatis.logging.log4j.Log4jImpl' adapter.
[2021-06-02 19:41:45][org.mybatis.spring.SqlSessionUtils]Creating a new SqlSession
[2021-06-02 19:41:45][org.mybatis.spring.SqlSessionUtils]Registering transaction synchronization for SqlSession [org.apache.ibatis.session.defaults.DefaultSqlSession@68b58644]
[2021-06-02 19:41:45][org.mybatis.spring.transaction.SpringManagedTransaction]JDBC Connection [com.p6spy.engine.wrapper.ConnectionWrapper@5017e1] will be managed by Spring
[2021-06-02 19:41:45][com.feiyu.dao.PersonDao.deletePerson]==>  Preparing: delete from PERSON where pno = ? 
[2021-06-02 19:41:45][com.feiyu.dao.PersonDao.deletePerson]==> Parameters: 1001(Integer)
[2021-06-02 19:41:45][com.feiyu.dao.PersonDao.deletePerson]<==    Updates: 1
[2021-06-02 19:41:45][org.mybatis.spring.SqlSessionUtils]Releasing transactional SqlSession [org.apache.ibatis.session.defaults.DefaultSqlSession@68b58644]
[2021-06-02 19:41:45][org.mybatis.spring.SqlSessionUtils]Fetched SqlSession [org.apache.ibatis.session.defaults.DefaultSqlSession@68b58644] from current transaction
[2021-06-02 19:41:45][com.feiyu.dao.PersonDao.insertPerson]==>  Preparing: insert into PERSON(pno, pname, address, email) values(?, ?, ?, ?) 
[2021-06-02 19:41:45][com.feiyu.dao.PersonDao.insertPerson]==> Parameters: 1001(Integer), 千寻88(String), 朝阳区nb(String), dddddddddd(String)
[2021-06-02 19:41:45][com.feiyu.dao.PersonDao.insertPerson]<==    Updates: 1
[2021-06-02 19:41:45][org.mybatis.spring.SqlSessionUtils]Releasing transactional SqlSession [org.apache.ibatis.session.defaults.DefaultSqlSession@68b58644]
[2021-06-02 19:41:45][org.mybatis.spring.SqlSessionUtils]Transaction synchronization committing SqlSession [org.apache.ibatis.session.defaults.DefaultSqlSession@68b58644]
[2021-06-02 19:41:45][org.mybatis.spring.SqlSessionUtils]Transaction synchronization deregistering SqlSession [org.apache.ibatis.session.defaults.DefaultSqlSession@68b58644]
[2021-06-02 19:41:45][org.mybatis.spring.SqlSessionUtils]Transaction synchronization closing SqlSession [org.apache.ibatis.session.defaults.DefaultSqlSession@68b58644]
[2021-06-02 19:43:31][com.alibaba.druid.pool.DruidAbstractDataSource]oracle.jdbc.driver.OracleDriver is deprecated.Having use oracle.jdbc.OracleDriver.
[2021-06-02 19:43:33][com.alibaba.druid.pool.DruidDataSource]{dataSource-1} inited
[2021-06-02 19:43:33][com.alibaba.druid.pool.DruidDataSource]{dataSource-2} inited
[2021-06-02 19:43:33][org.apache.ibatis.logging.LogFactory]Logging initialized using 'class org.apache.ibatis.logging.log4j.Log4jImpl' adapter.
[2021-06-02 19:43:34][org.mybatis.spring.SqlSessionUtils]Creating a new SqlSession
[2021-06-02 19:43:34][org.mybatis.spring.SqlSessionUtils]SqlSession [org.apache.ibatis.session.defaults.DefaultSqlSession@7e736350] was not registered for synchronization because synchronization is not active
[2021-06-02 19:43:34][org.mybatis.spring.transaction.SpringManagedTransaction]JDBC Connection [com.p6spy.engine.wrapper.ConnectionWrapper@5176d279] will not be managed by Spring
[2021-06-02 19:43:34][com.feiyu.dao.PersonDao.deletePerson]==>  Preparing: delete from PERSON where pno = ? 
[2021-06-02 19:43:34][com.feiyu.dao.PersonDao.deletePerson]==> Parameters: 1001(Integer)
[2021-06-02 19:43:34][com.feiyu.dao.PersonDao.deletePerson]<==    Updates: 1
[2021-06-02 19:43:34][org.mybatis.spring.SqlSessionUtils]Closing non transactional SqlSession [org.apache.ibatis.session.defaults.DefaultSqlSession@7e736350]
[2021-06-02 19:43:34][org.mybatis.spring.SqlSessionUtils]Creating a new SqlSession
[2021-06-02 19:43:34][org.mybatis.spring.SqlSessionUtils]SqlSession [org.apache.ibatis.session.defaults.DefaultSqlSession@24b4d544] was not registered for synchronization because synchronization is not active
[2021-06-02 19:43:34][org.mybatis.spring.transaction.SpringManagedTransaction]JDBC Connection [com.p6spy.engine.wrapper.ConnectionWrapper@27a2a089] will not be managed by Spring
[2021-06-02 19:43:34][com.feiyu.dao.PersonDao.insertPerson]==>  Preparing: inserts into PERSON(pno, pname, address, email) values(?, ?, ?, ?) 
[2021-06-02 19:43:34][com.feiyu.dao.PersonDao.insertPerson]==> Parameters: 1001(Integer), 千寻88(String), 朝阳区nb(String), dddddddddd(String)
[2021-06-02 19:43:34][org.mybatis.spring.SqlSessionUtils]Closing non transactional SqlSession [org.apache.ibatis.session.defaults.DefaultSqlSession@24b4d544]
[2021-06-02 19:44:15][com.alibaba.druid.pool.DruidAbstractDataSource]oracle.jdbc.driver.OracleDriver is deprecated.Having use oracle.jdbc.OracleDriver.
[2021-06-02 19:44:17][com.alibaba.druid.pool.DruidDataSource]{dataSource-1} inited
[2021-06-02 19:44:18][com.alibaba.druid.pool.DruidDataSource]{dataSource-2} inited
[2021-06-02 19:44:18][org.apache.ibatis.logging.LogFactory]Logging initialized using 'class org.apache.ibatis.logging.log4j.Log4jImpl' adapter.
[2021-06-02 19:44:18][org.mybatis.spring.SqlSessionUtils]Creating a new SqlSession
[2021-06-02 19:44:18][org.mybatis.spring.SqlSessionUtils]Registering transaction synchronization for SqlSession [org.apache.ibatis.session.defaults.DefaultSqlSession@68b58644]
[2021-06-02 19:44:18][org.mybatis.spring.transaction.SpringManagedTransaction]JDBC Connection [com.p6spy.engine.wrapper.ConnectionWrapper@5017e1] will be managed by Spring
[2021-06-02 19:44:18][com.feiyu.dao.PersonDao.deletePerson]==>  Preparing: delete from PERSON where pno = ? 
[2021-06-02 19:44:18][com.feiyu.dao.PersonDao.deletePerson]==> Parameters: 1001(Integer)
[2021-06-02 19:44:18][com.feiyu.dao.PersonDao.deletePerson]<==    Updates: 0
[2021-06-02 19:44:18][org.mybatis.spring.SqlSessionUtils]Releasing transactional SqlSession [org.apache.ibatis.session.defaults.DefaultSqlSession@68b58644]
[2021-06-02 19:44:18][org.mybatis.spring.SqlSessionUtils]Fetched SqlSession [org.apache.ibatis.session.defaults.DefaultSqlSession@68b58644] from current transaction
[2021-06-02 19:44:18][com.feiyu.dao.PersonDao.insertPerson]==>  Preparing: insert into PERSON(pno, pname, address, email) values(?, ?, ?, ?) 
[2021-06-02 19:44:18][com.feiyu.dao.PersonDao.insertPerson]==> Parameters: 1001(Integer), 千寻88(String), 朝阳区nb(String), dddddddddd(String)
[2021-06-02 19:44:18][com.feiyu.dao.PersonDao.insertPerson]<==    Updates: 1
[2021-06-02 19:44:18][org.mybatis.spring.SqlSessionUtils]Releasing transactional SqlSession [org.apache.ibatis.session.defaults.DefaultSqlSession@68b58644]
[2021-06-02 19:44:18][org.mybatis.spring.SqlSessionUtils]Transaction synchronization committing SqlSession [org.apache.ibatis.session.defaults.DefaultSqlSession@68b58644]
[2021-06-02 19:44:18][org.mybatis.spring.SqlSessionUtils]Transaction synchronization deregistering SqlSession [org.apache.ibatis.session.defaults.DefaultSqlSession@68b58644]
[2021-06-02 19:44:18][org.mybatis.spring.SqlSessionUtils]Transaction synchronization closing SqlSession [org.apache.ibatis.session.defaults.DefaultSqlSession@68b58644]
[2021-06-02 20:16:02][com.alibaba.druid.pool.DruidAbstractDataSource]oracle.jdbc.driver.OracleDriver is deprecated.Having use oracle.jdbc.OracleDriver.
[2021-06-02 20:16:05][com.alibaba.druid.pool.DruidDataSource]{dataSource-1} inited
[2021-06-02 20:16:06][com.alibaba.druid.pool.DruidDataSource]{dataSource-2} inited
[2021-06-02 20:16:06][org.apache.ibatis.logging.LogFactory]Logging initialized using 'class org.apache.ibatis.logging.log4j.Log4jImpl' adapter.
[2021-06-02 20:16:06][org.mybatis.spring.SqlSessionUtils]Creating a new SqlSession
[2021-06-02 20:16:06][org.mybatis.spring.SqlSessionUtils]SqlSession [org.apache.ibatis.session.defaults.DefaultSqlSession@13f9ad9] was not registered for synchronization because synchronization is not active
[2021-06-02 20:16:06][org.mybatis.spring.transaction.SpringManagedTransaction]JDBC Connection [com.p6spy.engine.wrapper.ConnectionWrapper@7d070ef5] will not be managed by Spring
[2021-06-02 20:16:06][com.feiyu.dao.PersonDao.deletePerson]==>  Preparing: delete from PERSON where pno = ? 
[2021-06-02 20:16:06][com.feiyu.dao.PersonDao.deletePerson]==> Parameters: 1001(Integer)
[2021-06-02 20:16:06][com.feiyu.dao.PersonDao.deletePerson]<==    Updates: 1
[2021-06-02 20:16:06][org.mybatis.spring.SqlSessionUtils]Closing non transactional SqlSession [org.apache.ibatis.session.defaults.DefaultSqlSession@13f9ad9]
[2021-06-02 20:16:06][org.mybatis.spring.SqlSessionUtils]Creating a new SqlSession
[2021-06-02 20:16:06][org.mybatis.spring.SqlSessionUtils]SqlSession [org.apache.ibatis.session.defaults.DefaultSqlSession@3bdb2c78] was not registered for synchronization because synchronization is not active
[2021-06-02 20:16:06][org.mybatis.spring.transaction.SpringManagedTransaction]JDBC Connection [com.p6spy.engine.wrapper.ConnectionWrapper@64693226] will not be managed by Spring
[2021-06-02 20:16:06][com.feiyu.dao.PersonDao.insertPerson]==>  Preparing: inserts into PERSON(pno, pname, address, email) values(?, ?, ?, ?) 
[2021-06-02 20:16:06][com.feiyu.dao.PersonDao.insertPerson]==> Parameters: 1001(Integer), 千寻88(String), 朝阳区nb(String), dddddddddd(String)
[2021-06-02 20:16:06][org.mybatis.spring.SqlSessionUtils]Closing non transactional SqlSession [org.apache.ibatis.session.defaults.DefaultSqlSession@3bdb2c78]
[2021-06-02 20:19:42][com.alibaba.druid.pool.DruidAbstractDataSource]oracle.jdbc.driver.OracleDriver is deprecated.Having use oracle.jdbc.OracleDriver.
[2021-06-02 20:19:45][com.alibaba.druid.pool.DruidDataSource]{dataSource-1} inited
[2021-06-02 20:19:45][com.alibaba.druid.pool.DruidDataSource]{dataSource-2} inited
[2021-06-02 20:19:46][org.apache.ibatis.logging.LogFactory]Logging initialized using 'class org.apache.ibatis.logging.log4j.Log4jImpl' adapter.
[2021-06-02 20:19:46][org.mybatis.spring.SqlSessionUtils]Creating a new SqlSession
[2021-06-02 20:19:46][org.mybatis.spring.SqlSessionUtils]SqlSession [org.apache.ibatis.session.defaults.DefaultSqlSession@7e1f584d] was not registered for synchronization because synchronization is not active
[2021-06-02 20:19:46][org.mybatis.spring.transaction.SpringManagedTransaction]JDBC Connection [com.p6spy.engine.wrapper.ConnectionWrapper@2e23c180] will not be managed by Spring
[2021-06-02 20:19:46][com.feiyu.dao.PersonDao.deletePerson]==>  Preparing: delete from PERSON where pno = ? 
[2021-06-02 20:19:46][com.feiyu.dao.PersonDao.deletePerson]==> Parameters: 1001(Integer)
[2021-06-02 20:19:46][com.feiyu.dao.PersonDao.deletePerson]<==    Updates: 1
[2021-06-02 20:19:46][org.mybatis.spring.SqlSessionUtils]Closing non transactional SqlSession [org.apache.ibatis.session.defaults.DefaultSqlSession@7e1f584d]
[2021-06-02 20:19:46][org.mybatis.spring.SqlSessionUtils]Creating a new SqlSession
[2021-06-02 20:19:46][org.mybatis.spring.SqlSessionUtils]SqlSession [org.apache.ibatis.session.defaults.DefaultSqlSession@2650f79] was not registered for synchronization because synchronization is not active
[2021-06-02 20:19:46][org.mybatis.spring.transaction.SpringManagedTransaction]JDBC Connection [com.p6spy.engine.wrapper.ConnectionWrapper@75fc1992] will not be managed by Spring
[2021-06-02 20:19:46][com.feiyu.dao.PersonDao.insertPerson]==>  Preparing: inserts into PERSON(pno, pname, address, email) values(?, ?, ?, ?) 
[2021-06-02 20:19:46][com.feiyu.dao.PersonDao.insertPerson]==> Parameters: 1001(Integer), 千寻88(String), 朝阳区nb(String), dddddddddd(String)
[2021-06-02 20:19:46][org.mybatis.spring.SqlSessionUtils]Closing non transactional SqlSession [org.apache.ibatis.session.defaults.DefaultSqlSession@2650f79]
[2021-06-02 20:27:09][com.alibaba.druid.pool.DruidAbstractDataSource]oracle.jdbc.driver.OracleDriver is deprecated.Having use oracle.jdbc.OracleDriver.
[2021-06-02 20:27:12][com.alibaba.druid.pool.DruidDataSource]{dataSource-1} inited
[2021-06-02 20:27:13][com.alibaba.druid.pool.DruidDataSource]{dataSource-2} inited
[2021-06-02 20:27:13][org.apache.ibatis.logging.LogFactory]Logging initialized using 'class org.apache.ibatis.logging.log4j.Log4jImpl' adapter.
[2021-06-02 20:27:13][org.mybatis.spring.SqlSessionUtils]Creating a new SqlSession
[2021-06-02 20:27:14][org.mybatis.spring.SqlSessionUtils]SqlSession [org.apache.ibatis.session.defaults.DefaultSqlSession@5f780a86] was not registered for synchronization because synchronization is not active
[2021-06-02 20:27:14][org.mybatis.spring.transaction.SpringManagedTransaction]JDBC Connection [com.p6spy.engine.wrapper.ConnectionWrapper@1976f537] will not be managed by Spring
[2021-06-02 20:27:14][com.feiyu.dao.PersonDao.deletePerson]==>  Preparing: delete from PERSON where pno = ? 
[2021-06-02 20:27:14][com.feiyu.dao.PersonDao.deletePerson]==> Parameters: 1001(Integer)
[2021-06-02 20:27:14][com.feiyu.dao.PersonDao.deletePerson]<==    Updates: 1
[2021-06-02 20:27:14][org.mybatis.spring.SqlSessionUtils]Closing non transactional SqlSession [org.apache.ibatis.session.defaults.DefaultSqlSession@5f780a86]
[2021-06-02 20:27:14][org.mybatis.spring.SqlSessionUtils]Creating a new SqlSession
[2021-06-02 20:27:14][org.mybatis.spring.SqlSessionUtils]SqlSession [org.apache.ibatis.session.defaults.DefaultSqlSession@2cc03cd1] was not registered for synchronization because synchronization is not active
[2021-06-02 20:27:14][org.mybatis.spring.transaction.SpringManagedTransaction]JDBC Connection [com.p6spy.engine.wrapper.ConnectionWrapper@4e17913b] will not be managed by Spring
[2021-06-02 20:27:14][com.feiyu.dao.PersonDao.insertPerson]==>  Preparing: inserts into PERSON(pno, pname, address, email) values(?, ?, ?, ?) 
[2021-06-02 20:27:14][com.feiyu.dao.PersonDao.insertPerson]==> Parameters: 1001(Integer), 千寻88(String), 朝阳区nb(String), dddddddddd(String)
[2021-06-02 20:27:14][org.mybatis.spring.SqlSessionUtils]Closing non transactional SqlSession [org.apache.ibatis.session.defaults.DefaultSqlSession@2cc03cd1]
[2021-06-02 20:50:10][com.alibaba.druid.pool.DruidAbstractDataSource]oracle.jdbc.driver.OracleDriver is deprecated.Having use oracle.jdbc.OracleDriver.
[2021-06-02 20:50:13][com.alibaba.druid.pool.DruidDataSource]{dataSource-1} inited
[2021-06-02 20:50:15][com.alibaba.druid.pool.DruidDataSource]{dataSource-2} inited
[2021-06-02 20:50:15][org.apache.ibatis.logging.LogFactory]Logging initialized using 'class org.apache.ibatis.logging.log4j.Log4jImpl' adapter.
[2021-06-02 20:50:15][org.mybatis.spring.SqlSessionUtils]Creating a new SqlSession
[2021-06-02 20:50:15][org.mybatis.spring.SqlSessionUtils]SqlSession [org.apache.ibatis.session.defaults.DefaultSqlSession@4d6ee47] was not registered for synchronization because synchronization is not active
[2021-06-02 20:50:15][org.mybatis.spring.transaction.SpringManagedTransaction]JDBC Connection [com.p6spy.engine.wrapper.ConnectionWrapper@5acc9fdf] will not be managed by Spring
[2021-06-02 20:50:15][com.feiyu.dao.PersonDao.deletePerson]==>  Preparing: delete from PERSON where pno = ? 
[2021-06-02 20:50:15][com.feiyu.dao.PersonDao.deletePerson]==> Parameters: 1001(Integer)
[2021-06-02 20:50:15][com.feiyu.dao.PersonDao.deletePerson]<==    Updates: 0
[2021-06-02 20:50:15][org.mybatis.spring.SqlSessionUtils]Closing non transactional SqlSession [org.apache.ibatis.session.defaults.DefaultSqlSession@4d6ee47]
[2021-06-02 20:57:43][com.alibaba.druid.pool.DruidAbstractDataSource]oracle.jdbc.driver.OracleDriver is deprecated.Having use oracle.jdbc.OracleDriver.
[2021-06-02 20:57:46][com.alibaba.druid.pool.DruidDataSource]{dataSource-1} inited
[2021-06-02 20:57:47][com.alibaba.druid.pool.DruidDataSource]{dataSource-2} inited
[2021-06-02 20:57:47][org.apache.ibatis.logging.LogFactory]Logging initialized using 'class org.apache.ibatis.logging.log4j.Log4jImpl' adapter.
[2021-06-02 20:57:48][org.mybatis.spring.SqlSessionUtils]Creating a new SqlSession
[2021-06-02 20:57:48][org.mybatis.spring.SqlSessionUtils]Registering transaction synchronization for SqlSession [org.apache.ibatis.session.defaults.DefaultSqlSession@7cea0110]
[2021-06-02 20:57:48][org.mybatis.spring.transaction.SpringManagedTransaction]JDBC Connection [com.p6spy.engine.wrapper.ConnectionWrapper@77ec6a3d] will be managed by Spring
[2021-06-02 20:57:48][com.feiyu.dao.PersonDao.deletePerson]==>  Preparing: delete from PERSON where pno = ? 
[2021-06-02 20:57:48][com.feiyu.dao.PersonDao.deletePerson]==> Parameters: 1011(Integer)
[2021-06-02 20:57:48][com.feiyu.dao.PersonDao.deletePerson]<==    Updates: 3
[2021-06-02 20:57:48][org.mybatis.spring.SqlSessionUtils]Releasing transactional SqlSession [org.apache.ibatis.session.defaults.DefaultSqlSession@7cea0110]
[2021-06-02 20:57:48][org.mybatis.spring.SqlSessionUtils]Fetched SqlSession [org.apache.ibatis.session.defaults.DefaultSqlSession@7cea0110] from current transaction
[2021-06-02 20:57:48][com.feiyu.dao.PersonDao.insertPerson]==>  Preparing: inserts into PERSON(pno, pname, address, email) values(?, ?, ?, ?) 
[2021-06-02 20:57:48][com.feiyu.dao.PersonDao.insertPerson]==> Parameters: 1001(Integer), 千寻88(String), 朝阳区nb(String), dddddddddd(String)
[2021-06-02 20:57:48][org.mybatis.spring.SqlSessionUtils]Releasing transactional SqlSession [org.apache.ibatis.session.defaults.DefaultSqlSession@7cea0110]
[2021-06-02 20:57:48][org.mybatis.spring.SqlSessionUtils]Transaction synchronization deregistering SqlSession [org.apache.ibatis.session.defaults.DefaultSqlSession@7cea0110]
[2021-06-02 20:57:48][org.mybatis.spring.SqlSessionUtils]Transaction synchronization closing SqlSession [org.apache.ibatis.session.defaults.DefaultSqlSession@7cea0110]
[2021-06-02 21:03:38][com.alibaba.druid.pool.DruidAbstractDataSource]oracle.jdbc.driver.OracleDriver is deprecated.Having use oracle.jdbc.OracleDriver.
[2021-06-02 21:03:41][com.alibaba.druid.pool.DruidDataSource]{dataSource-1} inited
[2021-06-02 21:03:42][com.alibaba.druid.pool.DruidDataSource]{dataSource-2} inited
[2021-06-02 21:03:43][org.apache.ibatis.logging.LogFactory]Logging initialized using 'class org.apache.ibatis.logging.log4j.Log4jImpl' adapter.
[2021-06-02 21:03:43][org.mybatis.spring.SqlSessionUtils]Creating a new SqlSession
[2021-06-02 21:03:43][org.mybatis.spring.SqlSessionUtils]Registering transaction synchronization for SqlSession [org.apache.ibatis.session.defaults.DefaultSqlSession@5527b211]
[2021-06-02 21:03:43][org.mybatis.spring.transaction.SpringManagedTransaction]JDBC Connection [com.p6spy.engine.wrapper.ConnectionWrapper@71d9cb05] will be managed by Spring
[2021-06-02 21:03:43][com.feiyu.dao.PersonDao.deletePerson]==>  Preparing: delete from PERSON where pno = ? 
[2021-06-02 21:03:43][com.feiyu.dao.PersonDao.deletePerson]==> Parameters: 1011(Integer)
[2021-06-02 21:03:43][com.feiyu.dao.PersonDao.deletePerson]<==    Updates: 3
[2021-06-02 21:03:43][org.mybatis.spring.SqlSessionUtils]Releasing transactional SqlSession [org.apache.ibatis.session.defaults.DefaultSqlSession@5527b211]
[2021-06-02 21:03:43][org.mybatis.spring.SqlSessionUtils]Fetched SqlSession [org.apache.ibatis.session.defaults.DefaultSqlSession@5527b211] from current transaction
[2021-06-02 21:03:43][com.feiyu.dao.PersonDao.insertPerson]==>  Preparing: insert into PERSON(pno, pname, address, email) values(?, ?, ?, ?) 
[2021-06-02 21:03:43][com.feiyu.dao.PersonDao.insertPerson]==> Parameters: 1001(Integer), 千寻88(String), 朝阳区nb(String), dddddddddd(String)
[2021-06-02 21:03:43][com.feiyu.dao.PersonDao.insertPerson]<==    Updates: 1
[2021-06-02 21:03:43][org.mybatis.spring.SqlSessionUtils]Releasing transactional SqlSession [org.apache.ibatis.session.defaults.DefaultSqlSession@5527b211]
[2021-06-02 21:03:43][org.mybatis.spring.SqlSessionUtils]Transaction synchronization committing SqlSession [org.apache.ibatis.session.defaults.DefaultSqlSession@5527b211]
[2021-06-02 21:03:43][org.mybatis.spring.SqlSessionUtils]Transaction synchronization deregistering SqlSession [org.apache.ibatis.session.defaults.DefaultSqlSession@5527b211]
[2021-06-02 21:03:43][org.mybatis.spring.SqlSessionUtils]Transaction synchronization closing SqlSession [org.apache.ibatis.session.defaults.DefaultSqlSession@5527b211]
[2021-06-02 21:11:42][com.alibaba.druid.pool.DruidAbstractDataSource]oracle.jdbc.driver.OracleDriver is deprecated.Having use oracle.jdbc.OracleDriver.
[2021-06-02 21:11:44][com.alibaba.druid.pool.DruidDataSource]{dataSource-1} inited
[2021-06-02 21:11:46][com.alibaba.druid.pool.DruidDataSource]{dataSource-2} inited
[2021-06-02 21:11:46][org.apache.ibatis.logging.LogFactory]Logging initialized using 'class org.apache.ibatis.logging.log4j.Log4jImpl' adapter.
[2021-06-02 21:11:46][org.mybatis.spring.SqlSessionUtils]Creating a new SqlSession
[2021-06-02 21:11:46][org.mybatis.spring.SqlSessionUtils]Registering transaction synchronization for SqlSession [org.apache.ibatis.session.defaults.DefaultSqlSession@6b4283c4]
[2021-06-02 21:11:46][org.mybatis.spring.transaction.SpringManagedTransaction]JDBC Connection [com.p6spy.engine.wrapper.ConnectionWrapper@51841ac6] will be managed by Spring
[2021-06-02 21:11:46][com.feiyu.dao.PersonDao.deletePerson]==>  Preparing: delete from PERSON where pno = ? 
[2021-06-02 21:11:46][com.feiyu.dao.PersonDao.deletePerson]==> Parameters: 1011(Integer)
[2021-06-02 21:11:46][com.feiyu.dao.PersonDao.deletePerson]<==    Updates: 0
[2021-06-02 21:11:46][org.mybatis.spring.SqlSessionUtils]Releasing transactional SqlSession [org.apache.ibatis.session.defaults.DefaultSqlSession@6b4283c4]
[2021-06-02 21:11:46][org.mybatis.spring.SqlSessionUtils]Fetched SqlSession [org.apache.ibatis.session.defaults.DefaultSqlSession@6b4283c4] from current transaction
[2021-06-02 21:11:46][com.feiyu.dao.PersonDao.insertPerson]==>  Preparing: insert into PERSON(pno, pname, address, email) values(?, ?, ?, ?) 
[2021-06-02 21:11:46][com.feiyu.dao.PersonDao.insertPerson]==> Parameters: 1001(Integer), 千寻88(String), 朝阳区nb(String), dddddddddd(String)
[2021-06-02 21:11:46][com.feiyu.dao.PersonDao.insertPerson]<==    Updates: 1
[2021-06-02 21:11:46][org.mybatis.spring.SqlSessionUtils]Releasing transactional SqlSession [org.apache.ibatis.session.defaults.DefaultSqlSession@6b4283c4]
[2021-06-02 21:11:46][org.mybatis.spring.SqlSessionUtils]Transaction synchronization deregistering SqlSession [org.apache.ibatis.session.defaults.DefaultSqlSession@6b4283c4]
[2021-06-02 21:11:46][org.mybatis.spring.SqlSessionUtils]Transaction synchronization closing SqlSession [org.apache.ibatis.session.defaults.DefaultSqlSession@6b4283c4]
[2021-06-02 21:55:07][com.alibaba.druid.pool.DruidAbstractDataSource]oracle.jdbc.driver.OracleDriver is deprecated.Having use oracle.jdbc.OracleDriver.
[2021-06-02 21:55:11][com.alibaba.druid.pool.DruidDataSource]{dataSource-1} inited
[2021-06-02 21:55:12][com.alibaba.druid.pool.DruidDataSource]{dataSource-2} inited
[2021-06-02 21:55:13][org.apache.ibatis.logging.LogFactory]Logging initialized using 'class org.apache.ibatis.logging.log4j.Log4jImpl' adapter.
[2021-06-02 21:55:13][org.mybatis.spring.SqlSessionUtils]Creating a new SqlSession
[2021-06-02 21:55:13][org.mybatis.spring.SqlSessionUtils]Registering transaction synchronization for SqlSession [org.apache.ibatis.session.defaults.DefaultSqlSession@5d425813]
[2021-06-02 21:55:13][org.mybatis.spring.transaction.SpringManagedTransaction]JDBC Connection [com.p6spy.engine.wrapper.ConnectionWrapper@245ec1a6] will be managed by Spring
[2021-06-02 21:55:13][com.feiyu.dao.PersonDao.deletePerson]==>  Preparing: delete from PERSON where pno = ? 
[2021-06-02 21:55:13][com.feiyu.dao.PersonDao.deletePerson]==> Parameters: 1011(Integer)
[2021-06-02 21:55:13][com.feiyu.dao.PersonDao.deletePerson]<==    Updates: 0
[2021-06-02 21:55:13][org.mybatis.spring.SqlSessionUtils]Releasing transactional SqlSession [org.apache.ibatis.session.defaults.DefaultSqlSession@5d425813]
[2021-06-02 21:55:13][org.mybatis.spring.SqlSessionUtils]Fetched SqlSession [org.apache.ibatis.session.defaults.DefaultSqlSession@5d425813] from current transaction
[2021-06-02 21:55:13][com.feiyu.dao.PersonDao.insertPerson]==>  Preparing: insert into PERSON(pno, pname, address, email) values(?, ?, ?, ?) 
[2021-06-02 21:55:13][com.feiyu.dao.PersonDao.insertPerson]==> Parameters: 1001(Integer), 千寻88(String), 朝阳区nb(String), dddddddddd(String)
[2021-06-02 21:55:13][com.feiyu.dao.PersonDao.insertPerson]<==    Updates: 1
[2021-06-02 21:55:13][org.mybatis.spring.SqlSessionUtils]Releasing transactional SqlSession [org.apache.ibatis.session.defaults.DefaultSqlSession@5d425813]
[2021-06-02 21:55:13][org.mybatis.spring.SqlSessionUtils]Transaction synchronization deregistering SqlSession [org.apache.ibatis.session.defaults.DefaultSqlSession@5d425813]
[2021-06-02 21:55:13][org.mybatis.spring.SqlSessionUtils]Transaction synchronization closing SqlSession [org.apache.ibatis.session.defaults.DefaultSqlSession@5d425813]
[2021-06-02 21:56:55][com.alibaba.druid.pool.DruidAbstractDataSource]oracle.jdbc.driver.OracleDriver is deprecated.Having use oracle.jdbc.OracleDriver.
[2021-06-02 21:56:57][com.alibaba.druid.pool.DruidDataSource]{dataSource-1} inited
[2021-06-02 21:56:58][com.alibaba.druid.pool.DruidDataSource]{dataSource-2} inited
[2021-06-02 21:56:58][org.apache.ibatis.logging.LogFactory]Logging initialized using 'class org.apache.ibatis.logging.log4j.Log4jImpl' adapter.
[2021-06-02 21:56:58][org.mybatis.spring.SqlSessionUtils]Creating a new SqlSession
[2021-06-02 21:56:58][org.mybatis.spring.SqlSessionUtils]Registering transaction synchronization for SqlSession [org.apache.ibatis.session.defaults.DefaultSqlSession@5d425813]
[2021-06-02 21:56:58][org.mybatis.spring.transaction.SpringManagedTransaction]JDBC Connection [com.p6spy.engine.wrapper.ConnectionWrapper@245ec1a6] will be managed by Spring
[2021-06-02 21:56:58][com.feiyu.dao.PersonDao.deletePerson]==>  Preparing: delete from PERSON where pno = ? 
[2021-06-02 21:56:58][com.feiyu.dao.PersonDao.deletePerson]==> Parameters: 1011(Integer)
[2021-06-02 21:56:58][com.feiyu.dao.PersonDao.deletePerson]<==    Updates: 0
[2021-06-02 21:56:58][org.mybatis.spring.SqlSessionUtils]Releasing transactional SqlSession [org.apache.ibatis.session.defaults.DefaultSqlSession@5d425813]
[2021-06-02 21:56:58][org.mybatis.spring.SqlSessionUtils]Fetched SqlSession [org.apache.ibatis.session.defaults.DefaultSqlSession@5d425813] from current transaction
[2021-06-02 21:56:58][com.feiyu.dao.PersonDao.insertPerson]==>  Preparing: insert into PERSON(pno, pname, address, email) values(?, ?, ?, ?) 
[2021-06-02 21:56:58][com.feiyu.dao.PersonDao.insertPerson]==> Parameters: 1001(Integer), 千寻88(String), 朝阳区nb(String), dddddddddd(String)
[2021-06-02 21:56:58][com.feiyu.dao.PersonDao.insertPerson]<==    Updates: 1
[2021-06-02 21:56:58][org.mybatis.spring.SqlSessionUtils]Releasing transactional SqlSession [org.apache.ibatis.session.defaults.DefaultSqlSession@5d425813]
[2021-06-02 21:56:58][org.mybatis.spring.SqlSessionUtils]Transaction synchronization deregistering SqlSession [org.apache.ibatis.session.defaults.DefaultSqlSession@5d425813]
[2021-06-02 21:56:58][org.mybatis.spring.SqlSessionUtils]Transaction synchronization closing SqlSession [org.apache.ibatis.session.defaults.DefaultSqlSession@5d425813]
[2021-06-02 21:58:41][com.alibaba.druid.pool.DruidAbstractDataSource]oracle.jdbc.driver.OracleDriver is deprecated.Having use oracle.jdbc.OracleDriver.
[2021-06-02 21:58:43][com.alibaba.druid.pool.DruidDataSource]{dataSource-1} inited
[2021-06-02 21:58:44][com.alibaba.druid.pool.DruidDataSource]{dataSource-2} inited
[2021-06-02 21:58:44][org.apache.ibatis.logging.LogFactory]Logging initialized using 'class org.apache.ibatis.logging.log4j.Log4jImpl' adapter.
[2021-06-02 21:58:45][org.mybatis.spring.SqlSessionUtils]Creating a new SqlSession
[2021-06-02 21:58:45][org.mybatis.spring.SqlSessionUtils]Registering transaction synchronization for SqlSession [org.apache.ibatis.session.defaults.DefaultSqlSession@10bea4]
[2021-06-02 21:58:45][org.mybatis.spring.transaction.SpringManagedTransaction]JDBC Connection [com.p6spy.engine.wrapper.ConnectionWrapper@2e51d054] will be managed by Spring
[2021-06-02 21:58:45][com.feiyu.dao.PersonDao.deletePerson]==>  Preparing: delete from PERSON where pno = ? 
[2021-06-02 21:58:45][com.feiyu.dao.PersonDao.deletePerson]==> Parameters: 1011(Integer)
[2021-06-02 21:58:45][com.feiyu.dao.PersonDao.deletePerson]<==    Updates: 0
[2021-06-02 21:58:45][org.mybatis.spring.SqlSessionUtils]Releasing transactional SqlSession [org.apache.ibatis.session.defaults.DefaultSqlSession@10bea4]
[2021-06-02 21:58:45][org.mybatis.spring.SqlSessionUtils]Fetched SqlSession [org.apache.ibatis.session.defaults.DefaultSqlSession@10bea4] from current transaction
[2021-06-02 21:58:45][com.feiyu.dao.PersonDao.insertPerson]==>  Preparing: insert into PERSON(pno, pname, address, email) values(?, ?, ?, ?) 
[2021-06-02 21:58:45][com.feiyu.dao.PersonDao.insertPerson]==> Parameters: 1001(Integer), 千寻88(String), 朝阳区nb(String), dddddddddd(String)
[2021-06-02 21:58:45][com.feiyu.dao.PersonDao.insertPerson]<==    Updates: 1
[2021-06-02 21:58:45][org.mybatis.spring.SqlSessionUtils]Releasing transactional SqlSession [org.apache.ibatis.session.defaults.DefaultSqlSession@10bea4]
[2021-06-02 21:58:45][org.mybatis.spring.SqlSessionUtils]Transaction synchronization deregistering SqlSession [org.apache.ibatis.session.defaults.DefaultSqlSession@10bea4]
[2021-06-02 21:58:45][org.mybatis.spring.SqlSessionUtils]Transaction synchronization closing SqlSession [org.apache.ibatis.session.defaults.DefaultSqlSession@10bea4]
